Start testing: Feb 11 11:45 CET
----------------------------------------------------------
2/85 Testing: TestJobsubExampleDaturaAloneCleanup
2/85 Test: TestJobsubExampleDaturaAloneCleanup
Command: "/bin/sh" "-c" "[ -d /home/spanns/ilcsoft/v01-16-02/Eutelescope/HEAD/build/Testing/test_datura-alone ] && rm -rf /home/spanns/ilcsoft/v01-16-02/Eutelescope/HEAD/build/Testing/test_datura-alone || echo 'no cleanup needed.'"
Directory: /home/spanns/ilcsoft/v01-16-02/Eutelescope/HEAD/build
"TestJobsubExampleDaturaAloneCleanup" start time: Feb 11 11:45 CET
Output:
----------------------------------------------------------
no cleanup needed.
<end of output>
Test time =   0.02 sec
----------------------------------------------------------
Test Passed.
"TestJobsubExampleDaturaAloneCleanup" end time: Feb 11 11:45 CET
"TestJobsubExampleDaturaAloneCleanup" time elapsed: 00:00:00
----------------------------------------------------------

3/85 Testing: TestJobsubExampleDaturaAloneSetup
3/85 Test: TestJobsubExampleDaturaAloneSetup
Command: "/bin/sh" "-c" "mkdir -p /home/spanns/ilcsoft/v01-16-02/Eutelescope/HEAD/build/Testing/test_datura-alone/output/histo && mkdir -p /home/spanns/ilcsoft/v01-16-02/Eutelescope/HEAD/build/Testing/test_datura-alone/output/results && mkdir -p /home/spanns/ilcsoft/v01-16-02/Eutelescope/HEAD/build/Testing/test_datura-alone/output/db && mkdir -p /home/spanns/ilcsoft/v01-16-02/Eutelescope/HEAD/build/Testing/test_datura-alone/output/logs && mkdir -p /home/spanns/ilcsoft/v01-16-02/Eutelescope/HEAD/build/Testing/test_datura-alone/output/lcio-raw"
Directory: /home/spanns/ilcsoft/v01-16-02/Eutelescope/HEAD/build
"TestJobsubExampleDaturaAloneSetup" start time: Feb 11 11:45 CET
Output:
----------------------------------------------------------
<end of output>
Test time =   0.03 sec
----------------------------------------------------------
Test Passed.
"TestJobsubExampleDaturaAloneSetup" end time: Feb 11 11:45 CET
"TestJobsubExampleDaturaAloneSetup" time elapsed: 00:00:00
----------------------------------------------------------

4/85 Testing: TestJobsubExampleDaturaAloneConverterRun
4/85 Test: TestJobsubExampleDaturaAloneConverterRun
Command: "/bin/sh" "-c" "cd /home/spanns/ilcsoft/v01-16-02/Eutelescope/HEAD/build/Testing/test_datura-alone && python /home/spanns/ilcsoft/v01-16-02/Eutelescope/HEAD/jobsub/jobsub.py --config=/home/spanns/ilcsoft/v01-16-02/Eutelescope/HEAD/jobsub/examples/datura-alone/config.cfg -csv /home/spanns/ilcsoft/v01-16-02/Eutelescope/HEAD/jobsub/examples/datura-alone/table_orgmode.csv converter 4118"
Directory: /home/spanns/ilcsoft/v01-16-02/Eutelescope/HEAD/build
"TestJobsubExampleDaturaAloneConverterRun" start time: Feb 11 11:45 CET
Output:
----------------------------------------------------------
11:45:35 jobsub(INFO): Loaded config file /home/spanns/ilcsoft/v01-16-02/Eutelescope/HEAD/jobsub/examples/datura-alone/config.cfg
11:45:35 jobsub(WARNING):  Parameter 'basepath' was not found in template file converter-tmp.xml
11:45:35 jobsub(WARNING):  Parameter 'histoinfopath' was not found in template file converter-tmp.xml
11:45:35 jobsub(WARNING):  Parameter 'localfolderoutputbase' was not found in template file converter-tmp.xml
11:45:35 jobsub(WARNING):  Parameter 'skipnevents' was not found in template file converter-tmp.xml
11:45:35 jobsub(WARNING):  Parameter 'histoinfo' was not found in template file converter-tmp.xml
11:45:35 jobsub(WARNING):  Parameter 'resultspath' was not found in template file converter-tmp.xml
11:45:35 jobsub(WARNING): Column without header label encountered in csv file '/home/spanns/ilcsoft/v01-16-02/Eutelescope/HEAD/jobsub/examples/datura-alone/table_orgmode.csv'!
11:45:35 jobsub(INFO): Successfully loaded csv file'/home/spanns/ilcsoft/v01-16-02/Eutelescope/HEAD/jobsub/examples/datura-alone/table_orgmode.csv'.
11:45:35 jobsub(INFO): Will now start processing the following runs: 4118
11:45:35 jobsub(INFO): Generating steering file for run number 004118
11:45:35 jobsub(WARNING):  Parameter 'beamenergy' from the csv file was not found in the template file (already overwritten by config file parameters?)
11:45:35 jobsub.marlin(INFO): Now running Marlin: Marlin converter-004118.xml
11:45:35 jobsub.marlin(INFO): <!-- Loading shared library : /home/spanns/ilcsoft/v01-16-02/Eutelescope/HEAD/lib/libEutelescope.so.0.7.0 (libEutelescope.so)-->
11:45:35 jobsub.marlin(INFO): 
11:45:36 jobsub.marlin(INFO): [ DEBUG1 "Marlin"]  ---- instantiated  GEAR from file  /home/spanns/ilcsoft/v01-16-02/Eutelescope/HEAD/jobsub/examples/datura-alone/gear_desy2012_06f_tb21.xml
11:45:36 jobsub.marlin(INFO): [ DEBUG1 "Marlin"]  -----------------------------------------------------
11:45:36 jobsub.marlin(INFO): [ DEBUG1 "Marlin"]               GearMgr :
11:45:36 jobsub.marlin(INFO): [ DEBUG1 "Marlin"]  -----------------------------------------------------
11:45:36 jobsub.marlin(INFO): [ DEBUG1 "Marlin"]    ----  DetectorName   ----
11:45:36 jobsub.marlin(INFO): [ DEBUG1 "Marlin"]
11:45:36 jobsub.marlin(INFO): [ DEBUG1 "Marlin"]          EUTelescope
11:45:36 jobsub.marlin(INFO): [ DEBUG1 "Marlin"]
11:45:36 jobsub.marlin(INFO): [ DEBUG1 "Marlin"]
11:45:36 jobsub.marlin(INFO): [ DEBUG1 "Marlin"]    -----------   BField   -------
11:45:36 jobsub.marlin(INFO): [ DEBUG1 "Marlin"]
11:45:36 jobsub.marlin(INFO): [ DEBUG1 "Marlin"]        field vector at origin :   Bx = 0 , By = 0 , Bz = 0 [Tesla]
11:45:36 jobsub.marlin(INFO): [ DEBUG1 "Marlin"]
11:45:36 jobsub.marlin(INFO): [ DEBUG1 "Marlin"]
11:45:36 jobsub.marlin(INFO): [ DEBUG1 "Marlin"]    -----------   SiPlanesParameters  -------
11:45:36 jobsub.marlin(INFO): [ DEBUG1 "Marlin"]
11:45:36 jobsub.marlin(INFO): [ DEBUG1 "Marlin"]  Setup ID : 7
11:45:36 jobsub.marlin(INFO): [ DEBUG1 "Marlin"]  Telescope type :  TelescopeWithoutDUT
11:45:36 jobsub.marlin(INFO): [ DEBUG1 "Marlin"]  Number of telescope planes : 6
11:45:36 jobsub.marlin(INFO): [ DEBUG1 "Marlin"]  Number of layers : 6
11:45:36 jobsub.marlin(INFO): [ DEBUG1 "Marlin"]
11:45:36 jobsub.marlin(INFO): [ DEBUG1 "Marlin"]  layer parameters :
11:45:36 jobsub.marlin(INFO): [ DEBUG1 "Marlin"]   |-------------------------------------------------------------------------------------------------------------------------------------------------|
11:45:36 jobsub.marlin(INFO): [ DEBUG1 "Marlin"]   |              ladder:                        |                    sensitive part:                                                                |
11:45:36 jobsub.marlin(INFO): [ DEBUG1 "Marlin"]   | ID | pozX| pozY|  pozZ |rotXY|rotZX|rotZY| sizeX| sizeY| Thick| ID| pozX| pozY|  pozZ |sizeX|sizeY| Thick|NpixX|NpixY|PitchX|PitchY| Resol| Rot1| Rot2| Rot3| Rot4|
11:45:36 jobsub.marlin(INFO): [ DEBUG1 "Marlin"]   |-------------------------------------------------------------------------------------------------------------------------------------------------|
11:45:36 jobsub.marlin(INFO): [ DEBUG1 "Marlin"]   |   0| 0.00| 0.00|   0.00| 0.00| 0.00| 0.00| 21.20| 10.60| 0.036|  0| 0.00| 0.00|   0.00|21.20|10.60| 0.014| 1152|  576|  0.02|  0.02|0.0045| -1.00| 0.00| 0.00| -1.00|
11:45:36 jobsub.marlin(INFO): [ DEBUG1 "Marlin"]   |   1| 0.00| 0.00|  29.00| 0.00| 0.00| 0.00| 21.20| 10.60| 0.036|  1| 0.00| 0.00|  29.00|21.20|10.60| 0.014| 1152|  576|  0.02|  0.02|0.0045| -1.00| 0.00| 0.00| -1.00|
11:45:36 jobsub.marlin(INFO): [ DEBUG1 "Marlin"]   |   2| 0.00| 0.00|  61.00| 0.00| 0.00| 0.00| 21.20| 10.60| 0.036|  2| 0.00| 0.00|  61.00|21.20|10.60| 0.014| 1152|  576|  0.02|  0.02|0.0045| -1.00| 0.00| 0.00| -1.00|
11:45:36 jobsub.marlin(INFO): [ DEBUG1 "Marlin"]   |   3| 0.00| 0.00| 213.00| 0.00| 0.00| 0.00| 21.20| 10.60| 0.036|  3| 0.00| 0.00| 213.00|21.20|10.60| 0.014| 1152|  576|  0.02|  0.02|0.0045| -1.00| 0.00| 0.00| -1.00|
11:45:36 jobsub.marlin(INFO): [ DEBUG1 "Marlin"]   |   4| 0.00| 0.00| 366.00| 0.00| 0.00| 0.00| 21.20| 10.60| 0.036|  4| 0.00| 0.00| 366.00|21.20|10.60| 0.014| 1152|  576|  0.02|  0.02|0.0045| -1.00| 0.00| 0.00| -1.00|
11:45:36 jobsub.marlin(INFO): [ DEBUG1 "Marlin"]   |   5| 0.00| 0.00| 519.00| 0.00| 0.00| 0.00| 21.20| 10.60| 0.036|  5| 0.00| 0.00| 519.00|21.20|10.60| 0.014| 1152|  576|  0.02|  0.02|0.0045| -1.00| 0.00| 0.00| -1.00|
11:45:36 jobsub.marlin(INFO): [ DEBUG1 "Marlin"]   |-------------------------------------------------------------------------------------------------------------------------------------------------|
11:45:36 jobsub.marlin(INFO): [ DEBUG1 "Marlin"]
11:45:36 jobsub.marlin(INFO): [ DEBUG1 "Marlin"]
11:45:36 jobsub.marlin(INFO): [ DEBUG1 "Marlin"]    parameter sections (detectors) :
11:45:36 jobsub.marlin(INFO): [ DEBUG1 "Marlin"]  ------------------------------------------------------------------
11:45:36 jobsub.marlin(INFO): [ DEBUG1 "Marlin"]    materials :
11:45:36 jobsub.marlin(INFO): [ DEBUG1 "Marlin"]  ------------------------------------------------------------------
11:45:36 jobsub.marlin(INFO): [ DEBUG1 "Marlin"]
11:45:36 jobsub.marlin(INFO): [ VERBOSE "AIDA"] ---------------------------------- R A I D A ----------------------------------
11:45:36 jobsub.marlin(INFO): [ VERBOSE "AIDA"] ROOT Implementation of the Abstract Interfaces for Data Analysis (AIDA v3.2.1)
11:45:36 jobsub.marlin(INFO): [ VERBOSE "AIDA"]
11:45:36 jobsub.marlin(INFO): [ VERBOSE "AIDA"] RAIDA Version: not supported by cvs2svn
11:45:36 jobsub.marlin(INFO): [ VERBOSE "AIDA"]
11:45:36 jobsub.marlin(INFO): [ VERBOSE "AIDA"] RAIDA only creates simple ROOT histograms
11:45:36 jobsub.marlin(INFO): [ VERBOSE "AIDA"] Used ROOT Release: 5.34/04
11:45:36 jobsub.marlin(INFO): [ VERBOSE "AIDA"] -------------------------------------------------------------------------------
11:45:36 jobsub.marlin(INFO): [ VERBOSE "AIDA"]
11:45:36 jobsub.marlin(INFO): [ VERBOSE "UNKOWN"] INFO: First TLU id detected as 1 2013-02-11 11:45:35.956
11:45:36 jobsub.marlin(INFO): [ MESSAGE4 "UniversalNativeReader"] Processing event      0 in run 004118 (Total =          0)
11:46:06 jobsub.marlin(INFO): [ MESSAGE4 "Mimosa26EUTelAutoPedestalNoiseProcessor"] Processing event      0 in run 004118 (Total =          0)
11:46:06 jobsub.marlin(INFO): [ MESSAGE4 "HotPixelKiller"] Processing event      0 in run 004118 (Total =          0)
11:46:06 jobsub.marlin(INFO): [ MESSAGE4 "UniversalNativeReader"] Processing event   1000 in run 004118 (Total =       1000)
11:46:06 jobsub.marlin(INFO): [ MESSAGE4 "Mimosa26EUTelAutoPedestalNoiseProcessor"] Processing event   1000 in run 004118 (Total =       1000)
11:46:06 jobsub.marlin(INFO): [ MESSAGE4 "HotPixelKiller"] Processing event   1000 in run 004118 (Total =       1000)
11:46:06 jobsub.marlin(INFO): [ MESSAGE4 "UniversalNativeReader"] Processing event   2000 in run 004118 (Total =       2000)
11:46:06 jobsub.marlin(INFO): [ MESSAGE4 "Mimosa26EUTelAutoPedestalNoiseProcessor"] Processing event   2000 in run 004118 (Total =       2000)
11:46:06 jobsub.marlin(INFO): [ MESSAGE4 "HotPixelKiller"] Processing event   2000 in run 004118 (Total =       2000)
11:46:06 jobsub.marlin(INFO): [ MESSAGE4 "UniversalNativeReader"] Processing event   3000 in run 004118 (Total =       3000)
11:46:06 jobsub.marlin(INFO): [ MESSAGE4 "Mimosa26EUTelAutoPedestalNoiseProcessor"] Processing event   3000 in run 004118 (Total =       3000)
11:46:06 jobsub.marlin(INFO): [ MESSAGE4 "HotPixelKiller"] Processing event   3000 in run 004118 (Total =       3000)
11:46:06 jobsub.marlin(INFO): [ MESSAGE4 "UniversalNativeReader"] Processing event   4000 in run 004118 (Total =       4000)
11:46:06 jobsub.marlin(INFO): [ MESSAGE4 "Mimosa26EUTelAutoPedestalNoiseProcessor"] Processing event   4000 in run 004118 (Total =       4000)
11:46:06 jobsub.marlin(INFO): [ MESSAGE4 "HotPixelKiller"] Processing event   4000 in run 004118 (Total =       4000)
11:46:06 jobsub.marlin(INFO): [ MESSAGE4 "UniversalNativeReader"] Processing event   5000 in run 004118 (Total =       5000)
11:46:06 jobsub.marlin(INFO): [ MESSAGE4 "Mimosa26EUTelAutoPedestalNoiseProcessor"] Processing event   5000 in run 004118 (Total =       5000)
11:46:06 jobsub.marlin(INFO): [ MESSAGE4 "HotPixelKiller"] Processing event   5000 in run 004118 (Total =       5000)
11:46:06 jobsub.marlin(INFO): [ MESSAGE4 "UniversalNativeReader"] Processing event   6000 in run 004118 (Total =       6000)
11:46:06 jobsub.marlin(INFO): [ MESSAGE4 "Mimosa26EUTelAutoPedestalNoiseProcessor"] Processing event   6000 in run 004118 (Total =       6000)
11:46:06 jobsub.marlin(INFO): [ MESSAGE4 "HotPixelKiller"] Processing event   6000 in run 004118 (Total =       6000)
11:46:06 jobsub.marlin(INFO): [ MESSAGE4 "UniversalNativeReader"] Processing event   7000 in run 004118 (Total =       7000)
11:46:06 jobsub.marlin(INFO): [ MESSAGE4 "Mimosa26EUTelAutoPedestalNoiseProcessor"] Processing event   7000 in run 004118 (Total =       7000)
11:46:06 jobsub.marlin(INFO): [ MESSAGE4 "HotPixelKiller"] Processing event   7000 in run 004118 (Total =       7000)
11:46:06 jobsub.marlin(INFO): [ MESSAGE4 "UniversalNativeReader"] Processing event   8000 in run 004118 (Total =       8000)
11:46:06 jobsub.marlin(INFO): [ MESSAGE4 "Mimosa26EUTelAutoPedestalNoiseProcessor"] Processing event   8000 in run 004118 (Total =       8000)
11:46:06 jobsub.marlin(INFO): [ MESSAGE4 "HotPixelKiller"] Processing event   8000 in run 004118 (Total =       8000)
11:46:06 jobsub.marlin(INFO): [ MESSAGE4 "UniversalNativeReader"] Processing event   9000 in run 004118 (Total =       9000)
11:46:06 jobsub.marlin(INFO): [ MESSAGE4 "Mimosa26EUTelAutoPedestalNoiseProcessor"] Processing event   9000 in run 004118 (Total =       9000)
11:46:06 jobsub.marlin(INFO): [ MESSAGE4 "HotPixelKiller"] Processing event   9000 in run 004118 (Total =       9000)
11:46:06 jobsub.marlin(INFO): [ MESSAGE4 "UniversalNativeReader"] Processing event  10000 in run 004118 (Total =      10000)
11:46:06 jobsub.marlin(INFO): [ MESSAGE4 "Mimosa26EUTelAutoPedestalNoiseProcessor"] Processing event  10000 in run 004118 (Total =      10000)
11:46:06 jobsub.marlin(INFO): [ MESSAGE4 "UniversalNativeReader"] Processing event  11000 in run 004118 (Total =      11000)
11:46:06 jobsub.marlin(INFO): [ MESSAGE4 "Mimosa26EUTelAutoPedestalNoiseProcessor"] Processing event  11000 in run 004118 (Total =      11000)
11:46:06 jobsub.marlin(INFO): [ MESSAGE4 "UniversalNativeReader"] Processing event  12000 in run 004118 (Total =      12000)
11:46:06 jobsub.marlin(INFO): [ MESSAGE4 "Mimosa26EUTelAutoPedestalNoiseProcessor"] Processing event  12000 in run 004118 (Total =      12000)
11:46:06 jobsub.marlin(INFO): [ MESSAGE4 "UniversalNativeReader"] Processing event  13000 in run 004118 (Total =      13000)
11:46:06 jobsub.marlin(INFO): [ MESSAGE4 "Mimosa26EUTelAutoPedestalNoiseProcessor"] Processing event  13000 in run 004118 (Total =      13000)
11:46:06 jobsub.marlin(INFO): [ MESSAGE4 "UniversalNativeReader"] Processing event  14000 in run 004118 (Total =      14000)
11:46:06 jobsub.marlin(INFO): [ MESSAGE4 "Mimosa26EUTelAutoPedestalNoiseProcessor"] Processing event  14000 in run 004118 (Total =      14000)
11:46:06 jobsub.marlin(INFO): [ MESSAGE4 "UniversalNativeReader"] Processing event  15000 in run 004118 (Total =      15000)
11:46:06 jobsub.marlin(INFO): [ MESSAGE4 "Mimosa26EUTelAutoPedestalNoiseProcessor"] Processing event  15000 in run 004118 (Total =      15000)
11:46:17 jobsub.marlin(INFO): [ MESSAGE4 "UniversalNativeReader"] Processing event  16000 in run 004118 (Total =      16000)
11:46:17 jobsub.marlin(INFO): [ MESSAGE4 "Mimosa26EUTelAutoPedestalNoiseProcessor"] Processing event  16000 in run 004118 (Total =      16000)
11:46:17 jobsub.marlin(INFO): [ MESSAGE4 "UniversalNativeReader"] Processing event  17000 in run 004118 (Total =      17000)
11:46:17 jobsub.marlin(INFO): [ MESSAGE4 "Mimosa26EUTelAutoPedestalNoiseProcessor"] Processing event  17000 in run 004118 (Total =      17000)
11:46:17 jobsub.marlin(INFO): [ MESSAGE4 "UniversalNativeReader"] Processing event  18000 in run 004118 (Total =      18000)
11:46:17 jobsub.marlin(INFO): [ MESSAGE4 "Mimosa26EUTelAutoPedestalNoiseProcessor"] Processing event  18000 in run 004118 (Total =      18000)
11:46:17 jobsub.marlin(INFO): [ MESSAGE4 "UniversalNativeReader"] Processing event  19000 in run 004118 (Total =      19000)
11:46:17 jobsub.marlin(INFO): [ MESSAGE4 "Mimosa26EUTelAutoPedestalNoiseProcessor"] Processing event  19000 in run 004118 (Total =      19000)
11:46:17 jobsub.marlin(INFO): [ MESSAGE4 "UniversalNativeReader"] Processing event  20000 in run 004118 (Total =      20000)
11:46:17 jobsub.marlin(INFO): [ MESSAGE4 "Mimosa26EUTelAutoPedestalNoiseProcessor"] Processing event  20000 in run 004118 (Total =      20000)
11:46:17 jobsub.marlin(INFO): [ MESSAGE4 "UniversalNativeReader"] Processing event  21000 in run 004118 (Total =      21000)
11:46:17 jobsub.marlin(INFO): [ MESSAGE4 "Mimosa26EUTelAutoPedestalNoiseProcessor"] Processing event  21000 in run 004118 (Total =      21000)
11:46:17 jobsub.marlin(INFO): [ MESSAGE4 "UniversalNativeReader"] Processing event  22000 in run 004118 (Total =      22000)
11:46:17 jobsub.marlin(INFO): [ MESSAGE4 "Mimosa26EUTelAutoPedestalNoiseProcessor"] Processing event  22000 in run 004118 (Total =      22000)
11:46:17 jobsub.marlin(INFO): [ MESSAGE4 "UniversalNativeReader"] Processing event  23000 in run 004118 (Total =      23000)
11:46:17 jobsub.marlin(INFO): [ MESSAGE4 "Mimosa26EUTelAutoPedestalNoiseProcessor"] Processing event  23000 in run 004118 (Total =      23000)
11:46:17 jobsub.marlin(INFO): [ MESSAGE4 "UniversalNativeReader"] Processing event  24000 in run 004118 (Total =      24000)
11:46:17 jobsub.marlin(INFO): [ MESSAGE4 "Mimosa26EUTelAutoPedestalNoiseProcessor"] Processing event  24000 in run 004118 (Total =      24000)
11:46:17 jobsub.marlin(INFO): [ MESSAGE4 "UniversalNativeReader"] Processing event  25000 in run 004118 (Total =      25000)
11:46:17 jobsub.marlin(INFO): [ MESSAGE4 "Mimosa26EUTelAutoPedestalNoiseProcessor"] Processing event  25000 in run 004118 (Total =      25000)
11:46:17 jobsub.marlin(INFO): [ MESSAGE4 "UniversalNativeReader"] Processing event  26000 in run 004118 (Total =      26000)
11:46:17 jobsub.marlin(INFO): [ MESSAGE4 "Mimosa26EUTelAutoPedestalNoiseProcessor"] Processing event  26000 in run 004118 (Total =      26000)
11:46:17 jobsub.marlin(INFO): [ MESSAGE4 "UniversalNativeReader"] Processing event  27000 in run 004118 (Total =      27000)
11:46:17 jobsub.marlin(INFO): [ MESSAGE4 "Mimosa26EUTelAutoPedestalNoiseProcessor"] Processing event  27000 in run 004118 (Total =      27000)
11:46:17 jobsub.marlin(INFO): [ MESSAGE4 "UniversalNativeReader"] Processing event  28000 in run 004118 (Total =      28000)
11:46:17 jobsub.marlin(INFO): [ MESSAGE4 "Mimosa26EUTelAutoPedestalNoiseProcessor"] Processing event  28000 in run 004118 (Total =      28000)
11:46:17 jobsub.marlin(INFO): [ MESSAGE4 "UniversalNativeReader"] Processing event  29000 in run 004118 (Total =      29000)
11:46:17 jobsub.marlin(INFO): [ MESSAGE4 "Mimosa26EUTelAutoPedestalNoiseProcessor"] Processing event  29000 in run 004118 (Total =      29000)
11:46:17 jobsub.marlin(INFO): [ MESSAGE4 "UniversalNativeReader"] Processing event  30000 in run 004118 (Total =      30000)
11:46:17 jobsub.marlin(INFO): [ MESSAGE4 "Mimosa26EUTelAutoPedestalNoiseProcessor"] Processing event  30000 in run 004118 (Total =      30000)
11:46:17 jobsub.marlin(INFO): [ MESSAGE4 "UniversalNativeReader"] Processing event  31000 in run 004118 (Total =      31000)
11:46:17 jobsub.marlin(INFO): [ MESSAGE4 "Mimosa26EUTelAutoPedestalNoiseProcessor"] Processing event  31000 in run 004118 (Total =      31000)
11:46:17 jobsub.marlin(INFO): [ MESSAGE4 "UniversalNativeReader"] Processing event  32000 in run 004118 (Total =      32000)
11:46:17 jobsub.marlin(INFO): [ MESSAGE4 "Mimosa26EUTelAutoPedestalNoiseProcessor"] Processing event  32000 in run 004118 (Total =      32000)
11:46:17 jobsub.marlin(INFO): [ MESSAGE4 "UniversalNativeReader"] Processing event  33000 in run 004118 (Total =      33000)
11:46:17 jobsub.marlin(INFO): [ MESSAGE4 "Mimosa26EUTelAutoPedestalNoiseProcessor"] Processing event  33000 in run 004118 (Total =      33000)
11:46:17 jobsub.marlin(INFO): [ MESSAGE4 "UniversalNativeReader"] Processing event  34000 in run 004118 (Total =      34000)
11:46:17 jobsub.marlin(INFO): [ MESSAGE4 "Mimosa26EUTelAutoPedestalNoiseProcessor"] Processing event  34000 in run 004118 (Total =      34000)
11:46:17 jobsub.marlin(INFO): [ MESSAGE4 "UniversalNativeReader"] Processing event  35000 in run 004118 (Total =      35000)
11:46:28 jobsub.marlin(INFO): [ MESSAGE4 "Mimosa26EUTelAutoPedestalNoiseProcessor"] Processing event  35000 in run 004118 (Total =      35000)
11:46:28 jobsub.marlin(INFO): [ MESSAGE4 "UniversalNativeReader"] Processing event  36000 in run 004118 (Total =      36000)
11:46:28 jobsub.marlin(INFO): [ MESSAGE4 "Mimosa26EUTelAutoPedestalNoiseProcessor"] Processing event  36000 in run 004118 (Total =      36000)
11:46:28 jobsub.marlin(INFO): [ MESSAGE4 "UniversalNativeReader"] Processing event  37000 in run 004118 (Total =      37000)
11:46:28 jobsub.marlin(INFO): [ MESSAGE4 "Mimosa26EUTelAutoPedestalNoiseProcessor"] Processing event  37000 in run 004118 (Total =      37000)
11:46:28 jobsub.marlin(INFO): [ MESSAGE4 "UniversalNativeReader"] Processing event  38000 in run 004118 (Total =      38000)
11:46:28 jobsub.marlin(INFO): [ MESSAGE4 "Mimosa26EUTelAutoPedestalNoiseProcessor"] Processing event  38000 in run 004118 (Total =      38000)
11:46:28 jobsub.marlin(INFO): [ MESSAGE4 "UniversalNativeReader"] Processing event  39000 in run 004118 (Total =      39000)
11:46:28 jobsub.marlin(INFO): [ MESSAGE4 "Mimosa26EUTelAutoPedestalNoiseProcessor"] Processing event  39000 in run 004118 (Total =      39000)
11:46:28 jobsub.marlin(INFO): [ MESSAGE4 "UniversalNativeReader"] Processing event  40000 in run 004118 (Total =      40000)
11:46:28 jobsub.marlin(INFO): [ MESSAGE4 "Mimosa26EUTelAutoPedestalNoiseProcessor"] Processing event  40000 in run 004118 (Total =      40000)
11:46:28 jobsub.marlin(INFO): [ MESSAGE4 "UniversalNativeReader"] Processing event  41000 in run 004118 (Total =      41000)
11:46:28 jobsub.marlin(INFO): [ MESSAGE4 "Mimosa26EUTelAutoPedestalNoiseProcessor"] Processing event  41000 in run 004118 (Total =      41000)
11:46:28 jobsub.marlin(INFO): [ MESSAGE4 "UniversalNativeReader"] Processing event  42000 in run 004118 (Total =      42000)
11:46:28 jobsub.marlin(INFO): [ MESSAGE4 "Mimosa26EUTelAutoPedestalNoiseProcessor"] Processing event  42000 in run 004118 (Total =      42000)
11:46:28 jobsub.marlin(INFO): [ MESSAGE4 "UniversalNativeReader"] Processing event  43000 in run 004118 (Total =      43000)
11:46:28 jobsub.marlin(INFO): [ MESSAGE4 "Mimosa26EUTelAutoPedestalNoiseProcessor"] Processing event  43000 in run 004118 (Total =      43000)
11:46:28 jobsub.marlin(INFO): [ MESSAGE4 "UniversalNativeReader"] Processing event  44000 in run 004118 (Total =      44000)
11:46:28 jobsub.marlin(INFO): [ MESSAGE4 "Mimosa26EUTelAutoPedestalNoiseProcessor"] Processing event  44000 in run 004118 (Total =      44000)
11:46:28 jobsub.marlin(INFO): [ MESSAGE4 "UniversalNativeReader"] Processing event  45000 in run 004118 (Total =      45000)
11:46:28 jobsub.marlin(INFO): [ MESSAGE4 "Mimosa26EUTelAutoPedestalNoiseProcessor"] Processing event  45000 in run 004118 (Total =      45000)
11:46:28 jobsub.marlin(INFO): [ MESSAGE4 "UniversalNativeReader"] Processing event  46000 in run 004118 (Total =      46000)
11:46:28 jobsub.marlin(INFO): [ MESSAGE4 "Mimosa26EUTelAutoPedestalNoiseProcessor"] Processing event  46000 in run 004118 (Total =      46000)
11:46:28 jobsub.marlin(INFO): [ MESSAGE4 "UniversalNativeReader"] Processing event  47000 in run 004118 (Total =      47000)
11:46:28 jobsub.marlin(INFO): [ MESSAGE4 "Mimosa26EUTelAutoPedestalNoiseProcessor"] Processing event  47000 in run 004118 (Total =      47000)
11:46:28 jobsub.marlin(INFO): [ MESSAGE4 "UniversalNativeReader"] Processing event  48000 in run 004118 (Total =      48000)
11:46:28 jobsub.marlin(INFO): [ MESSAGE4 "Mimosa26EUTelAutoPedestalNoiseProcessor"] Processing event  48000 in run 004118 (Total =      48000)
11:46:28 jobsub.marlin(INFO): [ MESSAGE4 "UniversalNativeReader"] Processing event  49000 in run 004118 (Total =      49000)
11:46:28 jobsub.marlin(INFO): [ MESSAGE4 "Mimosa26EUTelAutoPedestalNoiseProcessor"] Processing event  49000 in run 004118 (Total =      49000)
11:46:28 jobsub.marlin(INFO): [ MESSAGE4 "UniversalNativeReader"] Processing event  50000 in run 004118 (Total =      50000)
11:46:28 jobsub.marlin(INFO): [ MESSAGE4 "Mimosa26EUTelAutoPedestalNoiseProcessor"] Processing event  50000 in run 004118 (Total =      50000)
11:46:28 jobsub.marlin(INFO): [ MESSAGE4 "UniversalNativeReader"] Processing event  51000 in run 004118 (Total =      51000)
11:46:28 jobsub.marlin(INFO): [ MESSAGE4 "Mimosa26EUTelAutoPedestalNoiseProcessor"] Processing event  51000 in run 004118 (Total =      51000)
11:46:28 jobsub.marlin(INFO): [ MESSAGE4 "UniversalNativeReader"] Processing event  52000 in run 004118 (Total =      52000)
11:46:28 jobsub.marlin(INFO): [ MESSAGE4 "Mimosa26EUTelAutoPedestalNoiseProcessor"] Processing event  52000 in run 004118 (Total =      52000)
11:46:28 jobsub.marlin(INFO): [ MESSAGE4 "UniversalNativeReader"] Processing event  53000 in run 004118 (Total =      53000)
11:46:28 jobsub.marlin(INFO): [ MESSAGE4 "Mimosa26EUTelAutoPedestalNoiseProcessor"] Processing event  53000 in run 004118 (Total =      53000)
11:46:28 jobsub.marlin(INFO): [ MESSAGE4 "UniversalNativeReader"] Processing event  54000 in run 004118 (Total =      54000)
11:46:28 jobsub.marlin(INFO): [ MESSAGE4 "Mimosa26EUTelAutoPedestalNoiseProcessor"] Processing event  54000 in run 004118 (Total =      54000)
11:46:38 jobsub.marlin(INFO): [ MESSAGE4 "UniversalNativeReader"] Processing event  55000 in run 004118 (Total =      55000)
11:46:38 jobsub.marlin(INFO): [ MESSAGE4 "Mimosa26EUTelAutoPedestalNoiseProcessor"] Processing event  55000 in run 004118 (Total =      55000)
11:46:38 jobsub.marlin(INFO): [ MESSAGE4 "UniversalNativeReader"] Processing event  56000 in run 004118 (Total =      56000)
11:46:38 jobsub.marlin(INFO): [ MESSAGE4 "Mimosa26EUTelAutoPedestalNoiseProcessor"] Processing event  56000 in run 004118 (Total =      56000)
11:46:38 jobsub.marlin(INFO): [ MESSAGE4 "UniversalNativeReader"] Processing event  57000 in run 004118 (Total =      57000)
11:46:38 jobsub.marlin(INFO): [ MESSAGE4 "Mimosa26EUTelAutoPedestalNoiseProcessor"] Processing event  57000 in run 004118 (Total =      57000)
11:46:38 jobsub.marlin(INFO): [ MESSAGE4 "UniversalNativeReader"] Processing event  58000 in run 004118 (Total =      58000)
11:46:38 jobsub.marlin(INFO): [ MESSAGE4 "Mimosa26EUTelAutoPedestalNoiseProcessor"] Processing event  58000 in run 004118 (Total =      58000)
11:46:38 jobsub.marlin(INFO): [ MESSAGE4 "UniversalNativeReader"] Processing event  59000 in run 004118 (Total =      59000)
11:46:38 jobsub.marlin(INFO): [ MESSAGE4 "Mimosa26EUTelAutoPedestalNoiseProcessor"] Processing event  59000 in run 004118 (Total =      59000)
11:46:38 jobsub.marlin(INFO): [ MESSAGE4 "UniversalNativeReader"] Processing event  60000 in run 004118 (Total =      60000)
11:46:38 jobsub.marlin(INFO): [ MESSAGE4 "Mimosa26EUTelAutoPedestalNoiseProcessor"] Processing event  60000 in run 004118 (Total =      60000)
11:46:38 jobsub.marlin(INFO): [ MESSAGE4 "UniversalNativeReader"] Processing event  61000 in run 004118 (Total =      61000)
11:46:38 jobsub.marlin(INFO): [ MESSAGE4 "Mimosa26EUTelAutoPedestalNoiseProcessor"] Processing event  61000 in run 004118 (Total =      61000)
11:46:38 jobsub.marlin(INFO): [ MESSAGE4 "UniversalNativeReader"] Processing event  62000 in run 004118 (Total =      62000)
11:46:38 jobsub.marlin(INFO): [ MESSAGE4 "Mimosa26EUTelAutoPedestalNoiseProcessor"] Processing event  62000 in run 004118 (Total =      62000)
11:46:38 jobsub.marlin(INFO): [ MESSAGE4 "UniversalNativeReader"] Processing event  63000 in run 004118 (Total =      63000)
11:46:38 jobsub.marlin(INFO): [ MESSAGE4 "Mimosa26EUTelAutoPedestalNoiseProcessor"] Processing event  63000 in run 004118 (Total =      63000)
11:46:38 jobsub.marlin(INFO): [ MESSAGE4 "UniversalNativeReader"] Processing event  64000 in run 004118 (Total =      64000)
11:46:38 jobsub.marlin(INFO): [ MESSAGE4 "Mimosa26EUTelAutoPedestalNoiseProcessor"] Processing event  64000 in run 004118 (Total =      64000)
11:46:38 jobsub.marlin(INFO): [ MESSAGE4 "UniversalNativeReader"] Processing event  65000 in run 004118 (Total =      65000)
11:46:38 jobsub.marlin(INFO): [ MESSAGE4 "Mimosa26EUTelAutoPedestalNoiseProcessor"] Processing event  65000 in run 004118 (Total =      65000)
11:46:38 jobsub.marlin(INFO): [ MESSAGE4 "UniversalNativeReader"] Processing event  66000 in run 004118 (Total =      66000)
11:46:38 jobsub.marlin(INFO): [ MESSAGE4 "Mimosa26EUTelAutoPedestalNoiseProcessor"] Processing event  66000 in run 004118 (Total =      66000)
11:46:38 jobsub.marlin(INFO): [ MESSAGE4 "UniversalNativeReader"] Processing event  67000 in run 004118 (Total =      67000)
11:46:38 jobsub.marlin(INFO): [ MESSAGE4 "Mimosa26EUTelAutoPedestalNoiseProcessor"] Processing event  67000 in run 004118 (Total =      67000)
11:46:38 jobsub.marlin(INFO): [ MESSAGE4 "UniversalNativeReader"] Processing event  68000 in run 004118 (Total =      68000)
11:46:38 jobsub.marlin(INFO): [ MESSAGE4 "Mimosa26EUTelAutoPedestalNoiseProcessor"] Processing event  68000 in run 004118 (Total =      68000)
11:46:38 jobsub.marlin(INFO): [ MESSAGE4 "UniversalNativeReader"] Processing event  69000 in run 004118 (Total =      69000)
11:46:38 jobsub.marlin(INFO): [ MESSAGE4 "Mimosa26EUTelAutoPedestalNoiseProcessor"] Processing event  69000 in run 004118 (Total =      69000)
11:46:38 jobsub.marlin(INFO): [ MESSAGE4 "UniversalNativeReader"] Processing event  70000 in run 004118 (Total =      70000)
11:46:38 jobsub.marlin(INFO): [ MESSAGE4 "Mimosa26EUTelAutoPedestalNoiseProcessor"] Processing event  70000 in run 004118 (Total =      70000)
11:46:38 jobsub.marlin(INFO): [ MESSAGE4 "UniversalNativeReader"] Processing event  71000 in run 004118 (Total =      71000)
11:46:38 jobsub.marlin(INFO): [ MESSAGE4 "Mimosa26EUTelAutoPedestalNoiseProcessor"] Processing event  71000 in run 004118 (Total =      71000)
11:46:38 jobsub.marlin(INFO): [ MESSAGE4 "UniversalNativeReader"] Processing event  72000 in run 004118 (Total =      72000)
11:46:38 jobsub.marlin(INFO): [ MESSAGE4 "Mimosa26EUTelAutoPedestalNoiseProcessor"] Processing event  72000 in run 004118 (Total =      72000)
11:46:38 jobsub.marlin(INFO): [ MESSAGE4 "UniversalNativeReader"] Processing event  73000 in run 004118 (Total =      73000)
11:46:38 jobsub.marlin(INFO): [ MESSAGE4 "Mimosa26EUTelAutoPedestalNoiseProcessor"] Processing event  73000 in run 004118 (Total =      73000)
11:46:38 jobsub.marlin(INFO): [ MESSAGE4 "UniversalNativeReader"] Processing event  74000 in run 004118 (Total =      74000)
11:46:38 jobsub.marlin(INFO): [ MESSAGE4 "Mimosa26EUTelAutoPedestalNoiseProcessor"] Processing event  74000 in run 004118 (Total =      74000)
11:46:49 jobsub.marlin(INFO): [ MESSAGE4 "UniversalNativeReader"] Processing event  75000 in run 004118 (Total =      75000)
11:46:49 jobsub.marlin(INFO): [ MESSAGE4 "Mimosa26EUTelAutoPedestalNoiseProcessor"] Processing event  75000 in run 004118 (Total =      75000)
11:46:49 jobsub.marlin(INFO): [ MESSAGE4 "UniversalNativeReader"] Processing event  76000 in run 004118 (Total =      76000)
11:46:49 jobsub.marlin(INFO): [ MESSAGE4 "Mimosa26EUTelAutoPedestalNoiseProcessor"] Processing event  76000 in run 004118 (Total =      76000)
11:46:49 jobsub.marlin(INFO): [ MESSAGE4 "UniversalNativeReader"] Processing event  77000 in run 004118 (Total =      77000)
11:46:49 jobsub.marlin(INFO): [ MESSAGE4 "Mimosa26EUTelAutoPedestalNoiseProcessor"] Processing event  77000 in run 004118 (Total =      77000)
11:46:49 jobsub.marlin(INFO): [ MESSAGE4 "UniversalNativeReader"] Processing event  78000 in run 004118 (Total =      78000)
11:46:49 jobsub.marlin(INFO): [ MESSAGE4 "Mimosa26EUTelAutoPedestalNoiseProcessor"] Processing event  78000 in run 004118 (Total =      78000)
11:46:49 jobsub.marlin(INFO): [ MESSAGE4 "UniversalNativeReader"] Processing event  79000 in run 004118 (Total =      79000)
11:46:49 jobsub.marlin(INFO): [ MESSAGE4 "Mimosa26EUTelAutoPedestalNoiseProcessor"] Processing event  79000 in run 004118 (Total =      79000)
11:46:49 jobsub.marlin(INFO): [ MESSAGE4 "UniversalNativeReader"] Processing event  80000 in run 004118 (Total =      80000)
11:46:49 jobsub.marlin(INFO): [ MESSAGE4 "Mimosa26EUTelAutoPedestalNoiseProcessor"] Processing event  80000 in run 004118 (Total =      80000)
11:46:49 jobsub.marlin(INFO): [ MESSAGE4 "UniversalNativeReader"] Processing event  81000 in run 004118 (Total =      81000)
11:46:49 jobsub.marlin(INFO): [ MESSAGE4 "Mimosa26EUTelAutoPedestalNoiseProcessor"] Processing event  81000 in run 004118 (Total =      81000)
11:46:49 jobsub.marlin(INFO): [ MESSAGE4 "UniversalNativeReader"] Processing event  82000 in run 004118 (Total =      82000)
11:46:49 jobsub.marlin(INFO): [ MESSAGE4 "Mimosa26EUTelAutoPedestalNoiseProcessor"] Processing event  82000 in run 004118 (Total =      82000)
11:46:49 jobsub.marlin(INFO): [ MESSAGE4 "UniversalNativeReader"] Processing event  83000 in run 004118 (Total =      83000)
11:46:49 jobsub.marlin(INFO): [ MESSAGE4 "Mimosa26EUTelAutoPedestalNoiseProcessor"] Processing event  83000 in run 004118 (Total =      83000)
11:46:49 jobsub.marlin(INFO): [ MESSAGE4 "UniversalNativeReader"] Processing event  84000 in run 004118 (Total =      84000)
11:46:49 jobsub.marlin(INFO): [ MESSAGE4 "Mimosa26EUTelAutoPedestalNoiseProcessor"] Processing event  84000 in run 004118 (Total =      84000)
11:46:49 jobsub.marlin(INFO): [ MESSAGE4 "UniversalNativeReader"] Processing event  85000 in run 004118 (Total =      85000)
11:46:49 jobsub.marlin(INFO): [ MESSAGE4 "Mimosa26EUTelAutoPedestalNoiseProcessor"] Processing event  85000 in run 004118 (Total =      85000)
11:46:49 jobsub.marlin(INFO): [ MESSAGE4 "UniversalNativeReader"] Processing event  86000 in run 004118 (Total =      86000)
11:46:49 jobsub.marlin(INFO): [ MESSAGE4 "Mimosa26EUTelAutoPedestalNoiseProcessor"] Processing event  86000 in run 004118 (Total =      86000)
11:46:49 jobsub.marlin(INFO): [ MESSAGE4 "UniversalNativeReader"] Processing event  87000 in run 004118 (Total =      87000)
11:46:49 jobsub.marlin(INFO): [ MESSAGE4 "Mimosa26EUTelAutoPedestalNoiseProcessor"] Processing event  87000 in run 004118 (Total =      87000)
11:46:49 jobsub.marlin(INFO): [ MESSAGE4 "UniversalNativeReader"] Processing event  88000 in run 004118 (Total =      88000)
11:46:49 jobsub.marlin(INFO): [ MESSAGE4 "Mimosa26EUTelAutoPedestalNoiseProcessor"] Processing event  88000 in run 004118 (Total =      88000)
11:46:49 jobsub.marlin(INFO): [ MESSAGE4 "UniversalNativeReader"] Processing event  89000 in run 004118 (Total =      89000)
11:46:49 jobsub.marlin(INFO): [ MESSAGE4 "Mimosa26EUTelAutoPedestalNoiseProcessor"] Processing event  89000 in run 004118 (Total =      89000)
11:46:49 jobsub.marlin(INFO): [ MESSAGE4 "UniversalNativeReader"] Processing event  90000 in run 004118 (Total =      90000)
11:46:49 jobsub.marlin(INFO): [ MESSAGE4 "Mimosa26EUTelAutoPedestalNoiseProcessor"] Processing event  90000 in run 004118 (Total =      90000)
11:46:49 jobsub.marlin(INFO): [ MESSAGE4 "UniversalNativeReader"] Processing event  91000 in run 004118 (Total =      91000)
11:46:49 jobsub.marlin(INFO): [ MESSAGE4 "Mimosa26EUTelAutoPedestalNoiseProcessor"] Processing event  91000 in run 004118 (Total =      91000)
11:46:49 jobsub.marlin(INFO): [ MESSAGE4 "UniversalNativeReader"] Processing event  92000 in run 004118 (Total =      92000)
11:46:49 jobsub.marlin(INFO): [ MESSAGE4 "Mimosa26EUTelAutoPedestalNoiseProcessor"] Processing event  92000 in run 004118 (Total =      92000)
11:46:49 jobsub.marlin(INFO): [ MESSAGE4 "UniversalNativeReader"] Processing event  93000 in run 004118 (Total =      93000)
11:46:49 jobsub.marlin(INFO): [ MESSAGE4 "Mimosa26EUTelAutoPedestalNoiseProcessor"] Processing event  93000 in run 004118 (Total =      93000)
11:46:49 jobsub.marlin(INFO): [ MESSAGE4 "UniversalNativeReader"] Processing event  94000 in run 004118 (Total =      94000)
11:46:53 jobsub.marlin(INFO): [ MESSAGE4 "Mimosa26EUTelAutoPedestalNoiseProcessor"] Processing event  94000 in run 004118 (Total =      94000)
11:46:53 jobsub.marlin(INFO): [ MESSAGE4 "UniversalNativeReader"] Processing event  95000 in run 004118 (Total =      95000)
11:46:53 jobsub.marlin(INFO): [ MESSAGE4 "Mimosa26EUTelAutoPedestalNoiseProcessor"] Processing event  95000 in run 004118 (Total =      95000)
11:46:53 jobsub.marlin(INFO): [ MESSAGE4 "UniversalNativeReader"] Processing event  96000 in run 004118 (Total =      96000)
11:46:53 jobsub.marlin(INFO): [ MESSAGE4 "Mimosa26EUTelAutoPedestalNoiseProcessor"] Processing event  96000 in run 004118 (Total =      96000)
11:46:53 jobsub.marlin(INFO): [ MESSAGE4 "UniversalNativeReader"] Processing event  97000 in run 004118 (Total =      97000)
11:46:53 jobsub.marlin(INFO): [ MESSAGE4 "Mimosa26EUTelAutoPedestalNoiseProcessor"] Processing event  97000 in run 004118 (Total =      97000)
11:46:53 jobsub.marlin(INFO): [ MESSAGE4 "UniversalNativeReader"] Processing event  98000 in run 004118 (Total =      98000)
11:46:53 jobsub.marlin(INFO): [ MESSAGE4 "Mimosa26EUTelAutoPedestalNoiseProcessor"] Processing event  98000 in run 004118 (Total =      98000)
11:46:53 jobsub.marlin(INFO): [ MESSAGE4 "UniversalNativeReader"] Processing event  99000 in run 004118 (Total =      99000)
11:46:53 jobsub.marlin(INFO): [ MESSAGE4 "Mimosa26EUTelAutoPedestalNoiseProcessor"] Processing event  99000 in run 004118 (Total =      99000)
11:46:53 jobsub.marlin(INFO): [ WARNING "Save"] Adding a EORE because was missing
11:46:53 jobsub.marlin(INFO): [ MESSAGE4 "HotPixelKiller"] Successfully finished
11:46:53 jobsub.marlin(INFO): [ MESSAGE4 "HotPixelKiller"] ========================================================================================
11:46:53 jobsub.marlin(INFO): [ MESSAGE4 "HotPixelKiller"]  Hot pixel killer summary
11:46:53 jobsub.marlin(INFO): [ MESSAGE4 "HotPixelKiller"] ========================================================================================
11:46:53 jobsub.marlin(INFO): [ MESSAGE4 "HotPixelKiller"]  Cycle num:    0           0           0           1           0           0           4
11:46:53 jobsub.marlin(INFO): [ MESSAGE4 "HotPixelKiller"] ----------------------------------------------------------------------------------------
11:46:53 jobsub.marlin(INFO): [ MESSAGE4 "HotPixelKiller"]
11:46:53 jobsub.marlin(INFO): [ MESSAGE4 "HotPixelKiller"] ========================================================================================
11:46:53 jobsub.marlin(INFO): [ MESSAGE4 "HotPixelKiller"]
11:46:53 jobsub.marlin(INFO): [ VERBOSE "UNKOWN"] ~NIConverterPlugin done
11:46:53 jobsub.marlin(INFO): [ VERBOSE "UNKOWN"] ~APIXCTConverterPlugin done
11:46:53 jobsub(INFO): Marlin execution done
11:46:53 jobsub(INFO): Logs written to ./output/logs/converter-004118.zip
<end of output>
Test time =  78.40 sec
----------------------------------------------------------
Test Pass Reason:
Required regular expression found.Regex=[Now running Marlin:.*Processing event.*in run 004118.*Marlin execution done
]
"TestJobsubExampleDaturaAloneConverterRun" end time: Feb 11 11:46 CET
"TestJobsubExampleDaturaAloneConverterRun" time elapsed: 00:01:18
----------------------------------------------------------

5/85 Testing: TestJobsubExampleDaturaAloneConverterLog
5/85 Test: TestJobsubExampleDaturaAloneConverterLog
Command: "/bin/sh" "-c" "[ -f /home/spanns/ilcsoft/v01-16-02/Eutelescope/HEAD/build/Testing/test_datura-alone/output/logs/converter-004118.zip ]"
Directory: /home/spanns/ilcsoft/v01-16-02/Eutelescope/HEAD/build
"TestJobsubExampleDaturaAloneConverterLog" start time: Feb 11 11:46 CET
Output:
----------------------------------------------------------
<end of output>
Test time =   0.02 sec
----------------------------------------------------------
Test Passed.
"TestJobsubExampleDaturaAloneConverterLog" end time: Feb 11 11:46 CET
"TestJobsubExampleDaturaAloneConverterLog" time elapsed: 00:00:00
----------------------------------------------------------

6/85 Testing: TestJobsubExampleDaturaAloneConverterHisto
6/85 Test: TestJobsubExampleDaturaAloneConverterHisto
Command: "/bin/sh" "-c" "[ -f /home/spanns/ilcsoft/v01-16-02/Eutelescope/HEAD/build/Testing/test_datura-alone/output/histo/run004118-converter-histo.root ]"
Directory: /home/spanns/ilcsoft/v01-16-02/Eutelescope/HEAD/build
"TestJobsubExampleDaturaAloneConverterHisto" start time: Feb 11 11:46 CET
Output:
----------------------------------------------------------
<end of output>
Test time =   0.00 sec
----------------------------------------------------------
Test Passed.
"TestJobsubExampleDaturaAloneConverterHisto" end time: Feb 11 11:46 CET
"TestJobsubExampleDaturaAloneConverterHisto" time elapsed: 00:00:00
----------------------------------------------------------

7/85 Testing: TestJobsubExampleDaturaAloneConverterHotpix
7/85 Test: TestJobsubExampleDaturaAloneConverterHotpix
Command: "/bin/sh" "-c" "[ -f /home/spanns/ilcsoft/v01-16-02/Eutelescope/HEAD/build/Testing/test_datura-alone/output/db/run004118-hotpixel-db.slcio ] && lcio_check_col_elements --expelements 6  hotpixel_m26  /home/spanns/ilcsoft/v01-16-02/Eutelescope/HEAD/build/Testing/test_datura-alone/output/db/run004118-hotpixel-db.slcio"
Directory: /home/spanns/ilcsoft/v01-16-02/Eutelescope/HEAD/build
"TestJobsubExampleDaturaAloneConverterHotpix" start time: Feb 11 11:46 CET
Output:
----------------------------------------------------------

-----------------------------------------------------------

found 6 hotpixel_m26 element(s) in 1 event(s)
avg number of hotpixel_m26 elements per event: 6

-----------------------------------
debug infos:
-----------------------------------
collectionName: hotpixel_m26
pedantic: 0
average: 0
startevent: 0
maxevents: 0
minelements: 6
maxelements: 6
expelements: 6
abselementerror: 0
relelementerror: 0
abseventerror: 0
releventerror: 0
elementsTotal: 6
eventsTotal: 1
eventsFailed: 0
eventsSkipped: 0
-----------------------------------


-----------------------------------------------------------
<end of output>
Test time =   0.08 sec
----------------------------------------------------------
Test Passed.
"TestJobsubExampleDaturaAloneConverterHotpix" end time: Feb 11 11:46 CET
"TestJobsubExampleDaturaAloneConverterHotpix" time elapsed: 00:00:00
----------------------------------------------------------

8/85 Testing: TestJobsubExampleDaturaAloneConverterOutput
8/85 Test: TestJobsubExampleDaturaAloneConverterOutput
Command: "/bin/sh" "-c" "[ -f /home/spanns/ilcsoft/v01-16-02/Eutelescope/HEAD/build/Testing/test_datura-alone/output/lcio-raw/run004118.slcio ] && lcio_check_col_elements --expelements 6 zsdata_m26 /home/spanns/ilcsoft/v01-16-02/Eutelescope/HEAD/build/Testing/test_datura-alone/output/lcio-raw/run004118.slcio"
Directory: /home/spanns/ilcsoft/v01-16-02/Eutelescope/HEAD/build
"TestJobsubExampleDaturaAloneConverterOutput" start time: Feb 11 11:46 CET
Output:
----------------------------------------------------------

-----------------------------------------------------------

found 600000 zsdata_m26 element(s) in 100001 event(s)
avg number of zsdata_m26 elements per event: 6
1 event(s) contained no elements from zsdata_m26

-----------------------------------
debug infos:
-----------------------------------
collectionName: zsdata_m26
pedantic: 0
average: 0
startevent: 0
maxevents: 0
minelements: 6
maxelements: 6
expelements: 6
abselementerror: 0
relelementerror: 0
abseventerror: 0
releventerror: 0
elementsTotal: 600000
eventsTotal: 100001
eventsFailed: 0
eventsSkipped: 1
-----------------------------------


-----------------------------------------------------------
<end of output>
Test time =   2.86 sec
----------------------------------------------------------
Test Passed.
"TestJobsubExampleDaturaAloneConverterOutput" end time: Feb 11 11:46 CET
"TestJobsubExampleDaturaAloneConverterOutput" time elapsed: 00:00:02
----------------------------------------------------------

9/85 Testing: TestJobsubExampleDaturaAloneClusearchRun
9/85 Test: TestJobsubExampleDaturaAloneClusearchRun
Command: "/bin/sh" "-c" "cd /home/spanns/ilcsoft/v01-16-02/Eutelescope/HEAD/build/Testing/test_datura-alone && python /home/spanns/ilcsoft/v01-16-02/Eutelescope/HEAD/jobsub/jobsub.py --config=/home/spanns/ilcsoft/v01-16-02/Eutelescope/HEAD/jobsub/examples/datura-alone/config.cfg -csv /home/spanns/ilcsoft/v01-16-02/Eutelescope/HEAD/jobsub/examples/datura-alone/table_orgmode.csv clusearch 4118"
Directory: /home/spanns/ilcsoft/v01-16-02/Eutelescope/HEAD/build
"TestJobsubExampleDaturaAloneClusearchRun" start time: Feb 11 11:46 CET
Output:
----------------------------------------------------------
11:46:56 jobsub(INFO): Loaded config file /home/spanns/ilcsoft/v01-16-02/Eutelescope/HEAD/jobsub/examples/datura-alone/config.cfg
11:46:56 jobsub(WARNING):  Parameter 'basepath' was not found in template file clusearch-tmp.xml
11:46:56 jobsub(WARNING):  Parameter 'nativefolder' was not found in template file clusearch-tmp.xml
11:46:56 jobsub(WARNING):  Parameter 'localfolderoutputbase' was not found in template file clusearch-tmp.xml
11:46:56 jobsub(WARNING):  Parameter 'skipnevents' was not found in template file clusearch-tmp.xml
11:46:56 jobsub(WARNING):  Parameter 'output' was not found in template file clusearch-tmp.xml
11:46:56 jobsub(WARNING): Column without header label encountered in csv file '/home/spanns/ilcsoft/v01-16-02/Eutelescope/HEAD/jobsub/examples/datura-alone/table_orgmode.csv'!
11:46:56 jobsub(INFO): Successfully loaded csv file'/home/spanns/ilcsoft/v01-16-02/Eutelescope/HEAD/jobsub/examples/datura-alone/table_orgmode.csv'.
11:46:56 jobsub(INFO): Will now start processing the following runs: 4118
11:46:56 jobsub(INFO): Generating steering file for run number 004118
11:46:56 jobsub(WARNING):  Parameter 'beamenergy' from the csv file was not found in the template file (already overwritten by config file parameters?)
11:46:56 jobsub.marlin(INFO): Now running Marlin: Marlin clusearch-004118.xml
11:46:56 jobsub.marlin(INFO): <!-- Loading shared library : /home/spanns/ilcsoft/v01-16-02/Eutelescope/HEAD/lib/libEutelescope.so.0.7.0 (libEutelescope.so)-->
11:46:56 jobsub.marlin(INFO): 
11:46:56 jobsub.marlin(INFO): [ DEBUG1 "Marlin"]  ---- instantiated  GEAR from file  /home/spanns/ilcsoft/v01-16-02/Eutelescope/HEAD/jobsub/examples/datura-alone/gear_desy2012_06f_tb21.xml
11:46:56 jobsub.marlin(INFO): [ DEBUG1 "Marlin"]  -----------------------------------------------------
11:46:56 jobsub.marlin(INFO): [ DEBUG1 "Marlin"]               GearMgr :
11:46:56 jobsub.marlin(INFO): [ DEBUG1 "Marlin"]  -----------------------------------------------------
11:46:56 jobsub.marlin(INFO): [ DEBUG1 "Marlin"]    ----  DetectorName   ----
11:46:56 jobsub.marlin(INFO): [ DEBUG1 "Marlin"]
11:46:56 jobsub.marlin(INFO): [ DEBUG1 "Marlin"]          EUTelescope
11:46:56 jobsub.marlin(INFO): [ DEBUG1 "Marlin"]
11:46:56 jobsub.marlin(INFO): [ DEBUG1 "Marlin"]
11:46:56 jobsub.marlin(INFO): [ DEBUG1 "Marlin"]    -----------   BField   -------
11:46:56 jobsub.marlin(INFO): [ DEBUG1 "Marlin"]
11:46:56 jobsub.marlin(INFO): [ DEBUG1 "Marlin"]        field vector at origin :   Bx = 0 , By = 0 , Bz = 0 [Tesla]
11:46:56 jobsub.marlin(INFO): [ DEBUG1 "Marlin"]
11:46:56 jobsub.marlin(INFO): [ DEBUG1 "Marlin"]
11:46:56 jobsub.marlin(INFO): [ DEBUG1 "Marlin"]    -----------   SiPlanesParameters  -------
11:46:56 jobsub.marlin(INFO): [ DEBUG1 "Marlin"]
11:46:56 jobsub.marlin(INFO): [ DEBUG1 "Marlin"]  Setup ID : 7
11:46:56 jobsub.marlin(INFO): [ DEBUG1 "Marlin"]  Telescope type :  TelescopeWithoutDUT
11:46:56 jobsub.marlin(INFO): [ DEBUG1 "Marlin"]  Number of telescope planes : 6
11:46:56 jobsub.marlin(INFO): [ DEBUG1 "Marlin"]  Number of layers : 6
11:46:56 jobsub.marlin(INFO): [ DEBUG1 "Marlin"]
11:46:56 jobsub.marlin(INFO): [ DEBUG1 "Marlin"]  layer parameters :
11:46:56 jobsub.marlin(INFO): [ DEBUG1 "Marlin"]   |-------------------------------------------------------------------------------------------------------------------------------------------------|
11:46:56 jobsub.marlin(INFO): [ DEBUG1 "Marlin"]   |              ladder:                        |                    sensitive part:                                                                |
11:46:56 jobsub.marlin(INFO): [ DEBUG1 "Marlin"]   | ID | pozX| pozY|  pozZ |rotXY|rotZX|rotZY| sizeX| sizeY| Thick| ID| pozX| pozY|  pozZ |sizeX|sizeY| Thick|NpixX|NpixY|PitchX|PitchY| Resol| Rot1| Rot2| Rot3| Rot4|
11:46:56 jobsub.marlin(INFO): [ DEBUG1 "Marlin"]   |-------------------------------------------------------------------------------------------------------------------------------------------------|
11:46:56 jobsub.marlin(INFO): [ DEBUG1 "Marlin"]   |   0| 0.00| 0.00|   0.00| 0.00| 0.00| 0.00| 21.20| 10.60| 0.036|  0| 0.00| 0.00|   0.00|21.20|10.60| 0.014| 1152|  576|  0.02|  0.02|0.0045| -1.00| 0.00| 0.00| -1.00|
11:46:56 jobsub.marlin(INFO): [ DEBUG1 "Marlin"]   |   1| 0.00| 0.00|  29.00| 0.00| 0.00| 0.00| 21.20| 10.60| 0.036|  1| 0.00| 0.00|  29.00|21.20|10.60| 0.014| 1152|  576|  0.02|  0.02|0.0045| -1.00| 0.00| 0.00| -1.00|
11:46:56 jobsub.marlin(INFO): [ DEBUG1 "Marlin"]   |   2| 0.00| 0.00|  61.00| 0.00| 0.00| 0.00| 21.20| 10.60| 0.036|  2| 0.00| 0.00|  61.00|21.20|10.60| 0.014| 1152|  576|  0.02|  0.02|0.0045| -1.00| 0.00| 0.00| -1.00|
11:46:56 jobsub.marlin(INFO): [ DEBUG1 "Marlin"]   |   3| 0.00| 0.00| 213.00| 0.00| 0.00| 0.00| 21.20| 10.60| 0.036|  3| 0.00| 0.00| 213.00|21.20|10.60| 0.014| 1152|  576|  0.02|  0.02|0.0045| -1.00| 0.00| 0.00| -1.00|
11:46:56 jobsub.marlin(INFO): [ DEBUG1 "Marlin"]   |   4| 0.00| 0.00| 366.00| 0.00| 0.00| 0.00| 21.20| 10.60| 0.036|  4| 0.00| 0.00| 366.00|21.20|10.60| 0.014| 1152|  576|  0.02|  0.02|0.0045| -1.00| 0.00| 0.00| -1.00|
11:46:56 jobsub.marlin(INFO): [ DEBUG1 "Marlin"]   |   5| 0.00| 0.00| 519.00| 0.00| 0.00| 0.00| 21.20| 10.60| 0.036|  5| 0.00| 0.00| 519.00|21.20|10.60| 0.014| 1152|  576|  0.02|  0.02|0.0045| -1.00| 0.00| 0.00| -1.00|
11:46:56 jobsub.marlin(INFO): [ DEBUG1 "Marlin"]   |-------------------------------------------------------------------------------------------------------------------------------------------------|
11:46:56 jobsub.marlin(INFO): [ DEBUG1 "Marlin"]
11:46:56 jobsub.marlin(INFO): [ DEBUG1 "Marlin"]
11:46:56 jobsub.marlin(INFO): [ DEBUG1 "Marlin"]    parameter sections (detectors) :
11:46:56 jobsub.marlin(INFO): [ DEBUG1 "Marlin"]  ------------------------------------------------------------------
11:46:56 jobsub.marlin(INFO): [ DEBUG1 "Marlin"]    materials :
11:46:56 jobsub.marlin(INFO): [ DEBUG1 "Marlin"]  ------------------------------------------------------------------
11:46:56 jobsub.marlin(INFO): [ DEBUG1 "Marlin"]
11:46:56 jobsub.marlin(INFO): [ VERBOSE "AIDA"] ---------------------------------- R A I D A ----------------------------------
11:46:56 jobsub.marlin(INFO): [ VERBOSE "AIDA"] ROOT Implementation of the Abstract Interfaces for Data Analysis (AIDA v3.2.1)
11:46:56 jobsub.marlin(INFO): [ VERBOSE "AIDA"]
11:46:56 jobsub.marlin(INFO): [ VERBOSE "AIDA"] RAIDA Version: not supported by cvs2svn
11:46:56 jobsub.marlin(INFO): [ VERBOSE "AIDA"]
11:46:56 jobsub.marlin(INFO): [ VERBOSE "AIDA"] RAIDA only creates simple ROOT histograms
11:46:56 jobsub.marlin(INFO): [ VERBOSE "AIDA"] Used ROOT Release: 5.34/04
11:46:56 jobsub.marlin(INFO): [ VERBOSE "AIDA"] -------------------------------------------------------------------------------
11:46:56 jobsub.marlin(INFO): [ VERBOSE "AIDA"]
11:46:56 jobsub.marlin(INFO): [ WARNING4 "Clustering"]  -----------
11:46:56 jobsub.marlin(INFO): [ WARNING4 "Clustering"]  the following processor will modify the LCIO event :  Clustering !!
11:46:56 jobsub.marlin(INFO): [ WARNING4 "Clustering"]  ------------
11:48:05 jobsub.marlin(INFO): [ MESSAGE4 "Correlator"]  iPlane 0   sensor_#_along_Z_axis 0   [z= 0.000     ] [sensorID 0   ]  rot:[   -1  0.00  0.00 -1.00] - check sensorIDtoZOrderMap = 0
11:48:05 jobsub.marlin(INFO): 
11:48:05 jobsub.marlin(INFO): sensorID     0 maxX  1151 maxY   575
11:48:05 jobsub.marlin(INFO): [ MESSAGE4 "Correlator"]  iPlane 1   sensor_#_along_Z_axis 1   [z= 29.000    ] [sensorID 1   ]  rot:[   -1  0.00  0.00 -1.00] - check sensorIDtoZOrderMap = 1
11:48:05 jobsub.marlin(INFO): 
11:48:05 jobsub.marlin(INFO): sensorID     1 maxX  1151 maxY   575
11:48:05 jobsub.marlin(INFO): [ MESSAGE4 "Correlator"]  iPlane 2   sensor_#_along_Z_axis 2   [z= 61.000    ] [sensorID 2   ]  rot:[   -1  0.00  0.00 -1.00] - check sensorIDtoZOrderMap = 2
11:48:05 jobsub.marlin(INFO): 
11:48:05 jobsub.marlin(INFO): sensorID     2 maxX  1151 maxY   575
11:48:05 jobsub.marlin(INFO): [ MESSAGE4 "Correlator"]  iPlane 3   sensor_#_along_Z_axis 3   [z= 213.000   ] [sensorID 3   ]  rot:[   -1  0.00  0.00 -1.00] - check sensorIDtoZOrderMap = 3
11:48:05 jobsub.marlin(INFO): 
11:48:05 jobsub.marlin(INFO): sensorID     3 maxX  1151 maxY   575
11:48:05 jobsub.marlin(INFO): [ MESSAGE4 "Correlator"]  iPlane 4   sensor_#_along_Z_axis 4   [z= 366.000   ] [sensorID 4   ]  rot:[   -1  0.00  0.00 -1.00] - check sensorIDtoZOrderMap = 4
11:48:05 jobsub.marlin(INFO): 
11:48:05 jobsub.marlin(INFO): sensorID     4 maxX  1151 maxY   575
11:48:05 jobsub.marlin(INFO): [ MESSAGE4 "Correlator"]  iPlane 5   sensor_#_along_Z_axis 5   [z= 519.000   ] [sensorID 5   ]  rot:[   -1  0.00  0.00 -1.00] - check sensorIDtoZOrderMap = 5
11:48:05 jobsub.marlin(INFO): 
11:48:05 jobsub.marlin(INFO): sensorID     5 maxX  1151 maxY   575
11:48:05 jobsub.marlin(INFO): [ MESSAGE4 "Mimosa26EUTelAutoPedestalNoiseProcessor"] Processing event      0 in run 004118 (Total =          0)
11:48:05 jobsub.marlin(INFO): [ MESSAGE4 "Clustering"] Processing event      0 in run 004118 (Total =          0)
11:48:05 jobsub.marlin(INFO): [ MESSAGE4 "Clustering"] Initializing geometry
11:48:05 jobsub.marlin(INFO): [ MESSAGE4 "Correlator"] Processing event      0 in run 004118 (Total =          0)
11:48:05 jobsub.marlin(INFO): [ MESSAGE4 "Correlator"] Booking histograms
11:48:05 jobsub.marlin(INFO): [ MESSAGE4 "Mimosa26EUTelAutoPedestalNoiseProcessor"] Processing event   1000 in run 004118 (Total =       1000)
11:48:05 jobsub.marlin(INFO): [ MESSAGE4 "Clustering"] Processing event   1000 in run 004118 (Total =       1000)
11:48:05 jobsub.marlin(INFO): [ MESSAGE4 "Correlator"] Processing event   1000 in run 004118 (Total =       1000)
11:48:05 jobsub.marlin(INFO): [ MESSAGE4 "Mimosa26EUTelAutoPedestalNoiseProcessor"] Processing event   2000 in run 004118 (Total =       2000)
11:48:05 jobsub.marlin(INFO): [ MESSAGE4 "Clustering"] Processing event   2000 in run 004118 (Total =       2000)
11:48:05 jobsub.marlin(INFO): [ MESSAGE4 "Correlator"] Processing event   2000 in run 004118 (Total =       2000)
11:48:05 jobsub.marlin(INFO): [ MESSAGE4 "Mimosa26EUTelAutoPedestalNoiseProcessor"] Processing event   3000 in run 004118 (Total =       3000)
11:48:05 jobsub.marlin(INFO): [ MESSAGE4 "Clustering"] Processing event   3000 in run 004118 (Total =       3000)
11:48:05 jobsub.marlin(INFO): [ MESSAGE4 "Correlator"] Processing event   3000 in run 004118 (Total =       3000)
11:48:05 jobsub.marlin(INFO): [ MESSAGE4 "Mimosa26EUTelAutoPedestalNoiseProcessor"] Processing event   4000 in run 004118 (Total =       4000)
11:48:05 jobsub.marlin(INFO): [ MESSAGE4 "Clustering"] Processing event   4000 in run 004118 (Total =       4000)
11:48:05 jobsub.marlin(INFO): [ MESSAGE4 "Correlator"] Processing event   4000 in run 004118 (Total =       4000)
11:48:05 jobsub.marlin(INFO): [ MESSAGE4 "Mimosa26EUTelAutoPedestalNoiseProcessor"] Processing event   5000 in run 004118 (Total =       5000)
11:48:05 jobsub.marlin(INFO): [ MESSAGE4 "Clustering"] Processing event   5000 in run 004118 (Total =       5000)
11:48:05 jobsub.marlin(INFO): [ MESSAGE4 "Correlator"] Processing event   5000 in run 004118 (Total =       5000)
11:48:05 jobsub.marlin(INFO): [ MESSAGE4 "Mimosa26EUTelAutoPedestalNoiseProcessor"] Processing event   6000 in run 004118 (Total =       6000)
11:48:05 jobsub.marlin(INFO): [ MESSAGE4 "Clustering"] Processing event   6000 in run 004118 (Total =       6000)
11:48:05 jobsub.marlin(INFO): [ MESSAGE4 "Correlator"] Processing event   6000 in run 004118 (Total =       6000)
11:48:05 jobsub.marlin(INFO): [ MESSAGE4 "Mimosa26EUTelAutoPedestalNoiseProcessor"] Processing event   7000 in run 004118 (Total =       7000)
11:48:05 jobsub.marlin(INFO): [ MESSAGE4 "Clustering"] Processing event   7000 in run 004118 (Total =       7000)
11:48:05 jobsub.marlin(INFO): [ MESSAGE4 "Correlator"] Processing event   7000 in run 004118 (Total =       7000)
11:48:05 jobsub.marlin(INFO): [ WARNING2 "Correlator"] No input collection found on event 7065 in run 4118
11:48:05 jobsub.marlin(INFO): [ MESSAGE4 "Mimosa26EUTelAutoPedestalNoiseProcessor"] Processing event   8000 in run 004118 (Total =       8000)
11:48:05 jobsub.marlin(INFO): [ MESSAGE4 "Clustering"] Processing event   8000 in run 004118 (Total =       8000)
11:48:05 jobsub.marlin(INFO): [ MESSAGE4 "Correlator"] Processing event   8000 in run 004118 (Total =       8000)
11:48:05 jobsub.marlin(INFO): [ MESSAGE4 "Mimosa26EUTelAutoPedestalNoiseProcessor"] Processing event   9000 in run 004118 (Total =       9000)
11:48:05 jobsub.marlin(INFO): [ MESSAGE4 "Clustering"] Processing event   9000 in run 004118 (Total =       9000)
11:48:30 jobsub.marlin(INFO): [ MESSAGE4 "Correlator"] Processing event   9000 in run 004118 (Total =       9000)
11:48:30 jobsub.marlin(INFO): [ MESSAGE4 "Mimosa26EUTelAutoPedestalNoiseProcessor"] Processing event  10000 in run 004118 (Total =      10000)
11:48:30 jobsub.marlin(INFO): [ MESSAGE4 "Clustering"] Processing event  10000 in run 004118 (Total =      10000)
11:48:30 jobsub.marlin(INFO): [ MESSAGE4 "Correlator"] Processing event  10000 in run 004118 (Total =      10000)
11:48:30 jobsub.marlin(INFO): [ MESSAGE4 "Mimosa26EUTelAutoPedestalNoiseProcessor"] Processing event  11000 in run 004118 (Total =      11000)
11:48:30 jobsub.marlin(INFO): [ MESSAGE4 "Clustering"] Processing event  11000 in run 004118 (Total =      11000)
11:48:30 jobsub.marlin(INFO): [ MESSAGE4 "Mimosa26EUTelAutoPedestalNoiseProcessor"] Processing event  12000 in run 004118 (Total =      12000)
11:48:30 jobsub.marlin(INFO): [ MESSAGE4 "Clustering"] Processing event  12000 in run 004118 (Total =      12000)
11:48:30 jobsub.marlin(INFO): [ MESSAGE4 "Mimosa26EUTelAutoPedestalNoiseProcessor"] Processing event  13000 in run 004118 (Total =      13000)
11:48:30 jobsub.marlin(INFO): [ MESSAGE4 "Clustering"] Processing event  13000 in run 004118 (Total =      13000)
11:48:30 jobsub.marlin(INFO): [ MESSAGE4 "Mimosa26EUTelAutoPedestalNoiseProcessor"] Processing event  14000 in run 004118 (Total =      14000)
11:48:30 jobsub.marlin(INFO): [ MESSAGE4 "Clustering"] Processing event  14000 in run 004118 (Total =      14000)
11:48:30 jobsub.marlin(INFO): [ MESSAGE4 "Mimosa26EUTelAutoPedestalNoiseProcessor"] Processing event  15000 in run 004118 (Total =      15000)
11:48:30 jobsub.marlin(INFO): [ MESSAGE4 "Clustering"] Processing event  15000 in run 004118 (Total =      15000)
11:48:30 jobsub.marlin(INFO): [ MESSAGE4 "Mimosa26EUTelAutoPedestalNoiseProcessor"] Processing event  16000 in run 004118 (Total =      16000)
11:48:30 jobsub.marlin(INFO): [ MESSAGE4 "Clustering"] Processing event  16000 in run 004118 (Total =      16000)
11:48:30 jobsub.marlin(INFO): [ MESSAGE4 "Mimosa26EUTelAutoPedestalNoiseProcessor"] Processing event  17000 in run 004118 (Total =      17000)
11:48:30 jobsub.marlin(INFO): [ MESSAGE4 "Clustering"] Processing event  17000 in run 004118 (Total =      17000)
11:48:30 jobsub.marlin(INFO): [ MESSAGE4 "Mimosa26EUTelAutoPedestalNoiseProcessor"] Processing event  18000 in run 004118 (Total =      18000)
11:48:30 jobsub.marlin(INFO): [ MESSAGE4 "Clustering"] Processing event  18000 in run 004118 (Total =      18000)
11:48:30 jobsub.marlin(INFO): [ MESSAGE4 "Mimosa26EUTelAutoPedestalNoiseProcessor"] Processing event  19000 in run 004118 (Total =      19000)
11:48:30 jobsub.marlin(INFO): [ MESSAGE4 "Clustering"] Processing event  19000 in run 004118 (Total =      19000)
11:48:30 jobsub.marlin(INFO): [ MESSAGE4 "Mimosa26EUTelAutoPedestalNoiseProcessor"] Processing event  20000 in run 004118 (Total =      20000)
11:48:30 jobsub.marlin(INFO): [ MESSAGE4 "Clustering"] Processing event  20000 in run 004118 (Total =      20000)
11:48:30 jobsub.marlin(INFO): [ MESSAGE4 "Mimosa26EUTelAutoPedestalNoiseProcessor"] Processing event  21000 in run 004118 (Total =      21000)
11:48:30 jobsub.marlin(INFO): [ MESSAGE4 "Clustering"] Processing event  21000 in run 004118 (Total =      21000)
11:48:30 jobsub.marlin(INFO): [ MESSAGE4 "Mimosa26EUTelAutoPedestalNoiseProcessor"] Processing event  22000 in run 004118 (Total =      22000)
11:48:30 jobsub.marlin(INFO): [ MESSAGE4 "Clustering"] Processing event  22000 in run 004118 (Total =      22000)
11:48:30 jobsub.marlin(INFO): [ MESSAGE4 "Mimosa26EUTelAutoPedestalNoiseProcessor"] Processing event  23000 in run 004118 (Total =      23000)
11:48:30 jobsub.marlin(INFO): [ MESSAGE4 "Clustering"] Processing event  23000 in run 004118 (Total =      23000)
11:48:30 jobsub.marlin(INFO): [ MESSAGE4 "Mimosa26EUTelAutoPedestalNoiseProcessor"] Processing event  24000 in run 004118 (Total =      24000)
11:48:30 jobsub.marlin(INFO): [ MESSAGE4 "Clustering"] Processing event  24000 in run 004118 (Total =      24000)
11:48:30 jobsub.marlin(INFO): [ MESSAGE4 "Mimosa26EUTelAutoPedestalNoiseProcessor"] Processing event  25000 in run 004118 (Total =      25000)
11:48:30 jobsub.marlin(INFO): [ MESSAGE4 "Clustering"] Processing event  25000 in run 004118 (Total =      25000)
11:48:30 jobsub.marlin(INFO): [ MESSAGE4 "Mimosa26EUTelAutoPedestalNoiseProcessor"] Processing event  26000 in run 004118 (Total =      26000)
11:48:30 jobsub.marlin(INFO): [ MESSAGE4 "Clustering"] Processing event  26000 in run 004118 (Total =      26000)
11:48:30 jobsub.marlin(INFO): [ MESSAGE4 "Mimosa26EUTelAutoPedestalNoiseProcessor"] Processing event  27000 in run 004118 (Total =      27000)
11:48:30 jobsub.marlin(INFO): [ MESSAGE4 "Clustering"] Processing event  27000 in run 004118 (Total =      27000)
11:48:30 jobsub.marlin(INFO): [ MESSAGE4 "Mimosa26EUTelAutoPedestalNoiseProcessor"] Processing event  28000 in run 004118 (Total =      28000)
11:48:30 jobsub.marlin(INFO): [ MESSAGE4 "Clustering"] Processing event  28000 in run 004118 (Total =      28000)
11:48:30 jobsub.marlin(INFO): [ MESSAGE4 "Mimosa26EUTelAutoPedestalNoiseProcessor"] Processing event  29000 in run 004118 (Total =      29000)
11:48:30 jobsub.marlin(INFO): [ MESSAGE4 "Clustering"] Processing event  29000 in run 004118 (Total =      29000)
11:48:47 jobsub.marlin(INFO): [ MESSAGE4 "Mimosa26EUTelAutoPedestalNoiseProcessor"] Processing event  30000 in run 004118 (Total =      30000)
11:48:47 jobsub.marlin(INFO): [ MESSAGE4 "Clustering"] Processing event  30000 in run 004118 (Total =      30000)
11:48:47 jobsub.marlin(INFO): [ MESSAGE4 "Mimosa26EUTelAutoPedestalNoiseProcessor"] Processing event  31000 in run 004118 (Total =      31000)
11:48:47 jobsub.marlin(INFO): [ MESSAGE4 "Clustering"] Processing event  31000 in run 004118 (Total =      31000)
11:48:47 jobsub.marlin(INFO): [ MESSAGE4 "Mimosa26EUTelAutoPedestalNoiseProcessor"] Processing event  32000 in run 004118 (Total =      32000)
11:48:47 jobsub.marlin(INFO): [ MESSAGE4 "Clustering"] Processing event  32000 in run 004118 (Total =      32000)
11:48:47 jobsub.marlin(INFO): [ MESSAGE4 "Mimosa26EUTelAutoPedestalNoiseProcessor"] Processing event  33000 in run 004118 (Total =      33000)
11:48:47 jobsub.marlin(INFO): [ MESSAGE4 "Clustering"] Processing event  33000 in run 004118 (Total =      33000)
11:48:47 jobsub.marlin(INFO): [ MESSAGE4 "Mimosa26EUTelAutoPedestalNoiseProcessor"] Processing event  34000 in run 004118 (Total =      34000)
11:48:47 jobsub.marlin(INFO): [ MESSAGE4 "Clustering"] Processing event  34000 in run 004118 (Total =      34000)
11:48:47 jobsub.marlin(INFO): [ MESSAGE4 "Mimosa26EUTelAutoPedestalNoiseProcessor"] Processing event  35000 in run 004118 (Total =      35000)
11:48:47 jobsub.marlin(INFO): [ MESSAGE4 "Clustering"] Processing event  35000 in run 004118 (Total =      35000)
11:48:47 jobsub.marlin(INFO): [ MESSAGE4 "Mimosa26EUTelAutoPedestalNoiseProcessor"] Processing event  36000 in run 004118 (Total =      36000)
11:48:47 jobsub.marlin(INFO): [ MESSAGE4 "Clustering"] Processing event  36000 in run 004118 (Total =      36000)
11:48:47 jobsub.marlin(INFO): [ MESSAGE4 "Mimosa26EUTelAutoPedestalNoiseProcessor"] Processing event  37000 in run 004118 (Total =      37000)
11:48:47 jobsub.marlin(INFO): [ MESSAGE4 "Clustering"] Processing event  37000 in run 004118 (Total =      37000)
11:48:47 jobsub.marlin(INFO): [ MESSAGE4 "Mimosa26EUTelAutoPedestalNoiseProcessor"] Processing event  38000 in run 004118 (Total =      38000)
11:48:47 jobsub.marlin(INFO): [ MESSAGE4 "Clustering"] Processing event  38000 in run 004118 (Total =      38000)
11:48:47 jobsub.marlin(INFO): [ MESSAGE4 "Mimosa26EUTelAutoPedestalNoiseProcessor"] Processing event  39000 in run 004118 (Total =      39000)
11:48:47 jobsub.marlin(INFO): [ MESSAGE4 "Clustering"] Processing event  39000 in run 004118 (Total =      39000)
11:48:47 jobsub.marlin(INFO): [ MESSAGE4 "Mimosa26EUTelAutoPedestalNoiseProcessor"] Processing event  40000 in run 004118 (Total =      40000)
11:48:47 jobsub.marlin(INFO): [ MESSAGE4 "Clustering"] Processing event  40000 in run 004118 (Total =      40000)
11:48:47 jobsub.marlin(INFO): [ MESSAGE4 "Mimosa26EUTelAutoPedestalNoiseProcessor"] Processing event  41000 in run 004118 (Total =      41000)
11:48:47 jobsub.marlin(INFO): [ MESSAGE4 "Clustering"] Processing event  41000 in run 004118 (Total =      41000)
11:48:47 jobsub.marlin(INFO): [ MESSAGE4 "Mimosa26EUTelAutoPedestalNoiseProcessor"] Processing event  42000 in run 004118 (Total =      42000)
11:48:47 jobsub.marlin(INFO): [ MESSAGE4 "Clustering"] Processing event  42000 in run 004118 (Total =      42000)
11:48:47 jobsub.marlin(INFO): [ MESSAGE4 "Mimosa26EUTelAutoPedestalNoiseProcessor"] Processing event  43000 in run 004118 (Total =      43000)
11:48:47 jobsub.marlin(INFO): [ MESSAGE4 "Clustering"] Processing event  43000 in run 004118 (Total =      43000)
11:48:47 jobsub.marlin(INFO): [ MESSAGE4 "Mimosa26EUTelAutoPedestalNoiseProcessor"] Processing event  44000 in run 004118 (Total =      44000)
11:48:47 jobsub.marlin(INFO): [ MESSAGE4 "Clustering"] Processing event  44000 in run 004118 (Total =      44000)
11:48:47 jobsub.marlin(INFO): [ MESSAGE4 "Mimosa26EUTelAutoPedestalNoiseProcessor"] Processing event  45000 in run 004118 (Total =      45000)
11:48:47 jobsub.marlin(INFO): [ MESSAGE4 "Clustering"] Processing event  45000 in run 004118 (Total =      45000)
11:48:47 jobsub.marlin(INFO): [ MESSAGE4 "Mimosa26EUTelAutoPedestalNoiseProcessor"] Processing event  46000 in run 004118 (Total =      46000)
11:48:47 jobsub.marlin(INFO): [ MESSAGE4 "Clustering"] Processing event  46000 in run 004118 (Total =      46000)
11:48:47 jobsub.marlin(INFO): [ MESSAGE4 "Mimosa26EUTelAutoPedestalNoiseProcessor"] Processing event  47000 in run 004118 (Total =      47000)
11:48:47 jobsub.marlin(INFO): [ MESSAGE4 "Clustering"] Processing event  47000 in run 004118 (Total =      47000)
11:48:47 jobsub.marlin(INFO): [ MESSAGE4 "Mimosa26EUTelAutoPedestalNoiseProcessor"] Processing event  48000 in run 004118 (Total =      48000)
11:48:47 jobsub.marlin(INFO): [ MESSAGE4 "Clustering"] Processing event  48000 in run 004118 (Total =      48000)
11:48:47 jobsub.marlin(INFO): [ MESSAGE4 "Mimosa26EUTelAutoPedestalNoiseProcessor"] Processing event  49000 in run 004118 (Total =      49000)
11:48:47 jobsub.marlin(INFO): [ MESSAGE4 "Clustering"] Processing event  49000 in run 004118 (Total =      49000)
11:48:47 jobsub.marlin(INFO): [ MESSAGE4 "Mimosa26EUTelAutoPedestalNoiseProcessor"] Processing event  50000 in run 004118 (Total =      50000)
11:49:03 jobsub.marlin(INFO): [ MESSAGE4 "Clustering"] Processing event  50000 in run 004118 (Total =      50000)
11:49:03 jobsub.marlin(INFO): [ MESSAGE4 "Mimosa26EUTelAutoPedestalNoiseProcessor"] Processing event  51000 in run 004118 (Total =      51000)
11:49:03 jobsub.marlin(INFO): [ MESSAGE4 "Clustering"] Processing event  51000 in run 004118 (Total =      51000)
11:49:03 jobsub.marlin(INFO): [ MESSAGE4 "Mimosa26EUTelAutoPedestalNoiseProcessor"] Processing event  52000 in run 004118 (Total =      52000)
11:49:03 jobsub.marlin(INFO): [ MESSAGE4 "Clustering"] Processing event  52000 in run 004118 (Total =      52000)
11:49:03 jobsub.marlin(INFO): [ MESSAGE4 "Mimosa26EUTelAutoPedestalNoiseProcessor"] Processing event  53000 in run 004118 (Total =      53000)
11:49:03 jobsub.marlin(INFO): [ MESSAGE4 "Clustering"] Processing event  53000 in run 004118 (Total =      53000)
11:49:03 jobsub.marlin(INFO): [ MESSAGE4 "Mimosa26EUTelAutoPedestalNoiseProcessor"] Processing event  54000 in run 004118 (Total =      54000)
11:49:03 jobsub.marlin(INFO): [ MESSAGE4 "Clustering"] Processing event  54000 in run 004118 (Total =      54000)
11:49:03 jobsub.marlin(INFO): [ MESSAGE4 "Mimosa26EUTelAutoPedestalNoiseProcessor"] Processing event  55000 in run 004118 (Total =      55000)
11:49:03 jobsub.marlin(INFO): [ MESSAGE4 "Clustering"] Processing event  55000 in run 004118 (Total =      55000)
11:49:03 jobsub.marlin(INFO): [ MESSAGE4 "Mimosa26EUTelAutoPedestalNoiseProcessor"] Processing event  56000 in run 004118 (Total =      56000)
11:49:03 jobsub.marlin(INFO): [ MESSAGE4 "Clustering"] Processing event  56000 in run 004118 (Total =      56000)
11:49:03 jobsub.marlin(INFO): [ MESSAGE4 "Mimosa26EUTelAutoPedestalNoiseProcessor"] Processing event  57000 in run 004118 (Total =      57000)
11:49:03 jobsub.marlin(INFO): [ MESSAGE4 "Clustering"] Processing event  57000 in run 004118 (Total =      57000)
11:49:03 jobsub.marlin(INFO): [ MESSAGE4 "Mimosa26EUTelAutoPedestalNoiseProcessor"] Processing event  58000 in run 004118 (Total =      58000)
11:49:03 jobsub.marlin(INFO): [ MESSAGE4 "Clustering"] Processing event  58000 in run 004118 (Total =      58000)
11:49:03 jobsub.marlin(INFO): [ MESSAGE4 "Mimosa26EUTelAutoPedestalNoiseProcessor"] Processing event  59000 in run 004118 (Total =      59000)
11:49:03 jobsub.marlin(INFO): [ MESSAGE4 "Clustering"] Processing event  59000 in run 004118 (Total =      59000)
11:49:03 jobsub.marlin(INFO): [ MESSAGE4 "Mimosa26EUTelAutoPedestalNoiseProcessor"] Processing event  60000 in run 004118 (Total =      60000)
11:49:03 jobsub.marlin(INFO): [ MESSAGE4 "Clustering"] Processing event  60000 in run 004118 (Total =      60000)
11:49:03 jobsub.marlin(INFO): [ MESSAGE4 "Mimosa26EUTelAutoPedestalNoiseProcessor"] Processing event  61000 in run 004118 (Total =      61000)
11:49:03 jobsub.marlin(INFO): [ MESSAGE4 "Clustering"] Processing event  61000 in run 004118 (Total =      61000)
11:49:03 jobsub.marlin(INFO): [ MESSAGE4 "Mimosa26EUTelAutoPedestalNoiseProcessor"] Processing event  62000 in run 004118 (Total =      62000)
11:49:03 jobsub.marlin(INFO): [ MESSAGE4 "Clustering"] Processing event  62000 in run 004118 (Total =      62000)
11:49:03 jobsub.marlin(INFO): [ MESSAGE4 "Mimosa26EUTelAutoPedestalNoiseProcessor"] Processing event  63000 in run 004118 (Total =      63000)
11:49:03 jobsub.marlin(INFO): [ MESSAGE4 "Clustering"] Processing event  63000 in run 004118 (Total =      63000)
11:49:03 jobsub.marlin(INFO): [ MESSAGE4 "Mimosa26EUTelAutoPedestalNoiseProcessor"] Processing event  64000 in run 004118 (Total =      64000)
11:49:03 jobsub.marlin(INFO): [ MESSAGE4 "Clustering"] Processing event  64000 in run 004118 (Total =      64000)
11:49:03 jobsub.marlin(INFO): [ MESSAGE4 "Mimosa26EUTelAutoPedestalNoiseProcessor"] Processing event  65000 in run 004118 (Total =      65000)
11:49:03 jobsub.marlin(INFO): [ MESSAGE4 "Clustering"] Processing event  65000 in run 004118 (Total =      65000)
11:49:03 jobsub.marlin(INFO): [ MESSAGE4 "Mimosa26EUTelAutoPedestalNoiseProcessor"] Processing event  66000 in run 004118 (Total =      66000)
11:49:03 jobsub.marlin(INFO): [ MESSAGE4 "Clustering"] Processing event  66000 in run 004118 (Total =      66000)
11:49:03 jobsub.marlin(INFO): [ MESSAGE4 "Mimosa26EUTelAutoPedestalNoiseProcessor"] Processing event  67000 in run 004118 (Total =      67000)
11:49:03 jobsub.marlin(INFO): [ MESSAGE4 "Clustering"] Processing event  67000 in run 004118 (Total =      67000)
11:49:03 jobsub.marlin(INFO): [ MESSAGE4 "Mimosa26EUTelAutoPedestalNoiseProcessor"] Processing event  68000 in run 004118 (Total =      68000)
11:49:03 jobsub.marlin(INFO): [ MESSAGE4 "Clustering"] Processing event  68000 in run 004118 (Total =      68000)
11:49:03 jobsub.marlin(INFO): [ MESSAGE4 "Mimosa26EUTelAutoPedestalNoiseProcessor"] Processing event  69000 in run 004118 (Total =      69000)
11:49:03 jobsub.marlin(INFO): [ MESSAGE4 "Clustering"] Processing event  69000 in run 004118 (Total =      69000)
11:49:03 jobsub.marlin(INFO): [ MESSAGE4 "Mimosa26EUTelAutoPedestalNoiseProcessor"] Processing event  70000 in run 004118 (Total =      70000)
11:49:03 jobsub.marlin(INFO): [ MESSAGE4 "Clustering"] Processing event  70000 in run 004118 (Total =      70000)
11:49:03 jobsub.marlin(INFO): [ MESSAGE4 "Mimosa26EUTelAutoPedestalNoiseProcessor"] Processing event  71000 in run 004118 (Total =      71000)
11:49:19 jobsub.marlin(INFO): [ MESSAGE4 "Clustering"] Processing event  71000 in run 004118 (Total =      71000)
11:49:19 jobsub.marlin(INFO): [ MESSAGE4 "Mimosa26EUTelAutoPedestalNoiseProcessor"] Processing event  72000 in run 004118 (Total =      72000)
11:49:19 jobsub.marlin(INFO): [ MESSAGE4 "Clustering"] Processing event  72000 in run 004118 (Total =      72000)
11:49:19 jobsub.marlin(INFO): [ MESSAGE4 "Mimosa26EUTelAutoPedestalNoiseProcessor"] Processing event  73000 in run 004118 (Total =      73000)
11:49:19 jobsub.marlin(INFO): [ MESSAGE4 "Clustering"] Processing event  73000 in run 004118 (Total =      73000)
11:49:19 jobsub.marlin(INFO): [ MESSAGE4 "Mimosa26EUTelAutoPedestalNoiseProcessor"] Processing event  74000 in run 004118 (Total =      74000)
11:49:19 jobsub.marlin(INFO): [ MESSAGE4 "Clustering"] Processing event  74000 in run 004118 (Total =      74000)
11:49:19 jobsub.marlin(INFO): [ MESSAGE4 "Mimosa26EUTelAutoPedestalNoiseProcessor"] Processing event  75000 in run 004118 (Total =      75000)
11:49:19 jobsub.marlin(INFO): [ MESSAGE4 "Clustering"] Processing event  75000 in run 004118 (Total =      75000)
11:49:19 jobsub.marlin(INFO): [ MESSAGE4 "Mimosa26EUTelAutoPedestalNoiseProcessor"] Processing event  76000 in run 004118 (Total =      76000)
11:49:19 jobsub.marlin(INFO): [ MESSAGE4 "Clustering"] Processing event  76000 in run 004118 (Total =      76000)
11:49:19 jobsub.marlin(INFO): [ MESSAGE4 "Mimosa26EUTelAutoPedestalNoiseProcessor"] Processing event  77000 in run 004118 (Total =      77000)
11:49:19 jobsub.marlin(INFO): [ MESSAGE4 "Clustering"] Processing event  77000 in run 004118 (Total =      77000)
11:49:19 jobsub.marlin(INFO): [ MESSAGE4 "Mimosa26EUTelAutoPedestalNoiseProcessor"] Processing event  78000 in run 004118 (Total =      78000)
11:49:19 jobsub.marlin(INFO): [ MESSAGE4 "Clustering"] Processing event  78000 in run 004118 (Total =      78000)
11:49:19 jobsub.marlin(INFO): [ MESSAGE4 "Mimosa26EUTelAutoPedestalNoiseProcessor"] Processing event  79000 in run 004118 (Total =      79000)
11:49:19 jobsub.marlin(INFO): [ MESSAGE4 "Clustering"] Processing event  79000 in run 004118 (Total =      79000)
11:49:19 jobsub.marlin(INFO): [ MESSAGE4 "Mimosa26EUTelAutoPedestalNoiseProcessor"] Processing event  80000 in run 004118 (Total =      80000)
11:49:19 jobsub.marlin(INFO): [ MESSAGE4 "Clustering"] Processing event  80000 in run 004118 (Total =      80000)
11:49:19 jobsub.marlin(INFO): [ MESSAGE4 "Mimosa26EUTelAutoPedestalNoiseProcessor"] Processing event  81000 in run 004118 (Total =      81000)
11:49:19 jobsub.marlin(INFO): [ MESSAGE4 "Clustering"] Processing event  81000 in run 004118 (Total =      81000)
11:49:19 jobsub.marlin(INFO): [ MESSAGE4 "Mimosa26EUTelAutoPedestalNoiseProcessor"] Processing event  82000 in run 004118 (Total =      82000)
11:49:19 jobsub.marlin(INFO): [ MESSAGE4 "Clustering"] Processing event  82000 in run 004118 (Total =      82000)
11:49:19 jobsub.marlin(INFO): [ MESSAGE4 "Mimosa26EUTelAutoPedestalNoiseProcessor"] Processing event  83000 in run 004118 (Total =      83000)
11:49:19 jobsub.marlin(INFO): [ MESSAGE4 "Clustering"] Processing event  83000 in run 004118 (Total =      83000)
11:49:19 jobsub.marlin(INFO): [ MESSAGE4 "Mimosa26EUTelAutoPedestalNoiseProcessor"] Processing event  84000 in run 004118 (Total =      84000)
11:49:19 jobsub.marlin(INFO): [ MESSAGE4 "Clustering"] Processing event  84000 in run 004118 (Total =      84000)
11:49:19 jobsub.marlin(INFO): [ MESSAGE4 "Mimosa26EUTelAutoPedestalNoiseProcessor"] Processing event  85000 in run 004118 (Total =      85000)
11:49:19 jobsub.marlin(INFO): [ MESSAGE4 "Clustering"] Processing event  85000 in run 004118 (Total =      85000)
11:49:19 jobsub.marlin(INFO): [ MESSAGE4 "Mimosa26EUTelAutoPedestalNoiseProcessor"] Processing event  86000 in run 004118 (Total =      86000)
11:49:19 jobsub.marlin(INFO): [ MESSAGE4 "Clustering"] Processing event  86000 in run 004118 (Total =      86000)
11:49:19 jobsub.marlin(INFO): [ MESSAGE4 "Mimosa26EUTelAutoPedestalNoiseProcessor"] Processing event  87000 in run 004118 (Total =      87000)
11:49:19 jobsub.marlin(INFO): [ MESSAGE4 "Clustering"] Processing event  87000 in run 004118 (Total =      87000)
11:49:19 jobsub.marlin(INFO): [ MESSAGE4 "Mimosa26EUTelAutoPedestalNoiseProcessor"] Processing event  88000 in run 004118 (Total =      88000)
11:49:19 jobsub.marlin(INFO): [ MESSAGE4 "Clustering"] Processing event  88000 in run 004118 (Total =      88000)
11:49:19 jobsub.marlin(INFO): [ MESSAGE4 "Mimosa26EUTelAutoPedestalNoiseProcessor"] Processing event  89000 in run 004118 (Total =      89000)
11:49:19 jobsub.marlin(INFO): [ MESSAGE4 "Clustering"] Processing event  89000 in run 004118 (Total =      89000)
11:49:19 jobsub.marlin(INFO): [ MESSAGE4 "Mimosa26EUTelAutoPedestalNoiseProcessor"] Processing event  90000 in run 004118 (Total =      90000)
11:49:19 jobsub.marlin(INFO): [ MESSAGE4 "Clustering"] Processing event  90000 in run 004118 (Total =      90000)
11:49:19 jobsub.marlin(INFO): [ MESSAGE4 "Mimosa26EUTelAutoPedestalNoiseProcessor"] Processing event  91000 in run 004118 (Total =      91000)
11:49:19 jobsub.marlin(INFO): [ MESSAGE4 "Clustering"] Processing event  91000 in run 004118 (Total =      91000)
11:49:26 jobsub.marlin(INFO): [ MESSAGE4 "Mimosa26EUTelAutoPedestalNoiseProcessor"] Processing event  92000 in run 004118 (Total =      92000)
11:49:26 jobsub.marlin(INFO): [ MESSAGE4 "Clustering"] Processing event  92000 in run 004118 (Total =      92000)
11:49:26 jobsub.marlin(INFO): [ MESSAGE4 "Mimosa26EUTelAutoPedestalNoiseProcessor"] Processing event  93000 in run 004118 (Total =      93000)
11:49:26 jobsub.marlin(INFO): [ MESSAGE4 "Clustering"] Processing event  93000 in run 004118 (Total =      93000)
11:49:26 jobsub.marlin(INFO): [ MESSAGE4 "Mimosa26EUTelAutoPedestalNoiseProcessor"] Processing event  94000 in run 004118 (Total =      94000)
11:49:26 jobsub.marlin(INFO): [ MESSAGE4 "Clustering"] Processing event  94000 in run 004118 (Total =      94000)
11:49:26 jobsub.marlin(INFO): [ MESSAGE4 "Mimosa26EUTelAutoPedestalNoiseProcessor"] Processing event  95000 in run 004118 (Total =      95000)
[...]
11:51:16 jobsub.marlin(INFO): [ MESSAGE4 "HitMakerM26"] Processing event  54000 in run 004118 (Total =      54000)
11:51:16 jobsub.marlin(INFO): [ MESSAGE4 "HitMakerM26"] Processing event  55000 in run 004118 (Total =      55000)
11:51:16 jobsub.marlin(INFO): [ MESSAGE4 "HitMakerM26"] Processing event  56000 in run 004118 (Total =      56000)
11:51:16 jobsub.marlin(INFO): [ MESSAGE4 "HitMakerM26"] Processing event  57000 in run 004118 (Total =      57000)
11:51:16 jobsub.marlin(INFO): [ MESSAGE4 "HitMakerM26"] Processing event  58000 in run 004118 (Total =      58000)
11:51:16 jobsub.marlin(INFO): [ MESSAGE4 "HitMakerM26"] Processing event  59000 in run 004118 (Total =      59000)
11:51:16 jobsub.marlin(INFO): [ MESSAGE4 "HitMakerM26"] Processing event  60000 in run 004118 (Total =      60000)
11:51:16 jobsub.marlin(INFO): [ WARNING2 "HitMakerM26"] No input collection found on event 60994 in run 4118
11:51:16 jobsub.marlin(INFO): [ MESSAGE4 "HitMakerM26"] Processing event  61000 in run 004118 (Total =      61000)
11:51:16 jobsub.marlin(INFO): [ MESSAGE4 "HitMakerM26"] Processing event  62000 in run 004118 (Total =      62000)
11:51:16 jobsub.marlin(INFO): [ MESSAGE4 "HitMakerM26"] Processing event  63000 in run 004118 (Total =      63000)
11:51:16 jobsub.marlin(INFO): [ MESSAGE4 "HitMakerM26"] Processing event  64000 in run 004118 (Total =      64000)
11:51:16 jobsub.marlin(INFO): [ MESSAGE4 "HitMakerM26"] Processing event  65000 in run 004118 (Total =      65000)
11:51:16 jobsub.marlin(INFO): [ MESSAGE4 "HitMakerM26"] Processing event  66000 in run 004118 (Total =      66000)
11:51:16 jobsub.marlin(INFO): [ MESSAGE4 "HitMakerM26"] Processing event  67000 in run 004118 (Total =      67000)
11:51:16 jobsub.marlin(INFO): [ WARNING2 "HitMakerM26"] No input collection found on event 67990 in run 4118
11:51:16 jobsub.marlin(INFO): [ MESSAGE4 "HitMakerM26"] Processing event  68000 in run 004118 (Total =      68000)
11:51:57 jobsub.marlin(INFO): [ MESSAGE4 "HitMakerM26"] Processing event  69000 in run 004118 (Total =      69000)
11:51:57 jobsub.marlin(INFO): [ MESSAGE4 "HitMakerM26"] Processing event  70000 in run 004118 (Total =      70000)
11:51:57 jobsub.marlin(INFO): [ MESSAGE4 "HitMakerM26"] Processing event  71000 in run 004118 (Total =      71000)
11:51:57 jobsub.marlin(INFO): [ MESSAGE4 "HitMakerM26"] Processing event  72000 in run 004118 (Total =      72000)
11:51:57 jobsub.marlin(INFO): [ WARNING2 "HitMakerM26"] No input collection found on event 72930 in run 4118
11:51:57 jobsub.marlin(INFO): [ MESSAGE4 "HitMakerM26"] Processing event  73000 in run 004118 (Total =      73000)
11:51:57 jobsub.marlin(INFO): [ MESSAGE4 "HitMakerM26"] Processing event  74000 in run 004118 (Total =      74000)
11:51:57 jobsub.marlin(INFO): [ MESSAGE4 "HitMakerM26"] Processing event  75000 in run 004118 (Total =      75000)
11:51:57 jobsub.marlin(INFO): [ MESSAGE4 "HitMakerM26"] Processing event  76000 in run 004118 (Total =      76000)
11:51:57 jobsub.marlin(INFO): [ MESSAGE4 "HitMakerM26"] Processing event  77000 in run 004118 (Total =      77000)
11:51:57 jobsub.marlin(INFO): [ MESSAGE4 "HitMakerM26"] Processing event  78000 in run 004118 (Total =      78000)
11:51:57 jobsub.marlin(INFO): [ MESSAGE4 "HitMakerM26"] Processing event  79000 in run 004118 (Total =      79000)
11:51:57 jobsub.marlin(INFO): [ MESSAGE4 "HitMakerM26"] Processing event  80000 in run 004118 (Total =      80000)
11:51:57 jobsub.marlin(INFO): [ MESSAGE4 "HitMakerM26"] Processing event  81000 in run 004118 (Total =      81000)
11:51:57 jobsub.marlin(INFO): [ MESSAGE4 "HitMakerM26"] Processing event  82000 in run 004118 (Total =      82000)
11:51:57 jobsub.marlin(INFO): [ MESSAGE4 "HitMakerM26"] Processing event  83000 in run 004118 (Total =      83000)
11:51:57 jobsub.marlin(INFO): [ MESSAGE4 "HitMakerM26"] Processing event  84000 in run 004118 (Total =      84000)
11:51:57 jobsub.marlin(INFO): [ MESSAGE4 "HitMakerM26"] Processing event  85000 in run 004118 (Total =      85000)
11:51:57 jobsub.marlin(INFO): [ MESSAGE4 "HitMakerM26"] Processing event  86000 in run 004118 (Total =      86000)
11:51:57 jobsub.marlin(INFO): [ MESSAGE4 "HitMakerM26"] Processing event  87000 in run 004118 (Total =      87000)
11:51:57 jobsub.marlin(INFO): [ MESSAGE4 "HitMakerM26"] Processing event  88000 in run 004118 (Total =      88000)
11:51:57 jobsub.marlin(INFO): [ WARNING2 "HitMakerM26"] No input collection found on event 88523 in run 4118
11:51:57 jobsub.marlin(INFO): [ MESSAGE4 "HitMakerM26"] Processing event  89000 in run 004118 (Total =      89000)
11:51:57 jobsub.marlin(INFO): [ MESSAGE4 "HitMakerM26"] Processing event  90000 in run 004118 (Total =      90000)
11:51:57 jobsub.marlin(INFO): [ MESSAGE4 "HitMakerM26"] Processing event  91000 in run 004118 (Total =      91000)
11:51:57 jobsub.marlin(INFO): [ MESSAGE4 "HitMakerM26"] Processing event  92000 in run 004118 (Total =      92000)
11:51:57 jobsub.marlin(INFO): [ WARNING2 "HitMakerM26"] No input collection found on event 92081 in run 4118
11:51:57 jobsub.marlin(INFO): [ MESSAGE4 "HitMakerM26"] Processing event  93000 in run 004118 (Total =      93000)
11:51:57 jobsub.marlin(INFO): [ MESSAGE4 "HitMakerM26"] Processing event  94000 in run 004118 (Total =      94000)
11:51:57 jobsub.marlin(INFO): [ MESSAGE4 "HitMakerM26"] Processing event  95000 in run 004118 (Total =      95000)
11:51:57 jobsub.marlin(INFO): [ MESSAGE4 "HitMakerM26"] Processing event  96000 in run 004118 (Total =      96000)
11:51:57 jobsub.marlin(INFO): [ MESSAGE4 "HitMakerM26"] Processing event  97000 in run 004118 (Total =      97000)
11:51:57 jobsub.marlin(INFO): [ MESSAGE4 "HitMakerM26"] Processing event  98000 in run 004118 (Total =      98000)
11:51:57 jobsub.marlin(INFO): [ MESSAGE4 "HitMakerM26"] Processing event  99000 in run 004118 (Total =      99000)
11:51:57 jobsub.marlin(INFO): [ WARNING "Save"] Adding a EORE because was missing
11:51:57 jobsub.marlin(INFO): [ MESSAGE4 "Correlator"] Successfully finished
11:51:57 jobsub.marlin(INFO): [ MESSAGE4 "HitMakerM26"] Successfully finished
11:51:57 jobsub.marlin(INFO): [ VERBOSE "UNKOWN"] ~NIConverterPlugin done
11:51:57 jobsub.marlin(INFO): [ VERBOSE "UNKOWN"] ~APIXCTConverterPlugin done
11:51:57 jobsub(INFO): Marlin execution done
11:51:57 jobsub(INFO): Logs written to ./output/logs/hitmaker-004118.zip
<end of output>
Test time = 143.18 sec
----------------------------------------------------------
Test Pass Reason:
Required regular expression found.Regex=[Now running Marlin:.*Processing event.*in run 004118.*Marlin execution done
]
"TestJobsubExampleDaturaAloneHitmakerRun" end time: Feb 11 11:51 CET
"TestJobsubExampleDaturaAloneHitmakerRun" time elapsed: 00:02:23
----------------------------------------------------------

15/85 Testing: TestJobsubExampleDaturaAloneHitmakerLog
15/85 Test: TestJobsubExampleDaturaAloneHitmakerLog
Command: "/bin/sh" "-c" "[ -f /home/spanns/ilcsoft/v01-16-02/Eutelescope/HEAD/build/Testing/test_datura-alone/output/logs/hitmaker-004118.zip ]"
Directory: /home/spanns/ilcsoft/v01-16-02/Eutelescope/HEAD/build
"TestJobsubExampleDaturaAloneHitmakerLog" start time: Feb 11 11:51 CET
Output:
----------------------------------------------------------
<end of output>
Test time =   0.09 sec
----------------------------------------------------------
Test Passed.
"TestJobsubExampleDaturaAloneHitmakerLog" end time: Feb 11 11:51 CET
"TestJobsubExampleDaturaAloneHitmakerLog" time elapsed: 00:00:00
----------------------------------------------------------

16/85 Testing: TestJobsubExampleDaturaAloneHitmakerHisto
16/85 Test: TestJobsubExampleDaturaAloneHitmakerHisto
Command: "/bin/sh" "-c" "[ -f /home/spanns/ilcsoft/v01-16-02/Eutelescope/HEAD/build/Testing/test_datura-alone/output/histo/run004118-hit-histo.root ]"
Directory: /home/spanns/ilcsoft/v01-16-02/Eutelescope/HEAD/build
"TestJobsubExampleDaturaAloneHitmakerHisto" start time: Feb 11 11:51 CET
Output:
----------------------------------------------------------
<end of output>
Test time =   0.00 sec
----------------------------------------------------------
Test Passed.
"TestJobsubExampleDaturaAloneHitmakerHisto" end time: Feb 11 11:51 CET
"TestJobsubExampleDaturaAloneHitmakerHisto" time elapsed: 00:00:00
----------------------------------------------------------

17/85 Testing: TestJobsubExampleDaturaAloneHitmakerPrealign
17/85 Test: TestJobsubExampleDaturaAloneHitmakerPrealign
Command: "/bin/sh" "-c" "[ -f /home/spanns/ilcsoft/v01-16-02/Eutelescope/HEAD/build/Testing/test_datura-alone/output/db/run004118-prealign-db.slcio ] && lcio_check_col_elements --expelements 6  alignment  /home/spanns/ilcsoft/v01-16-02/Eutelescope/HEAD/build/Testing/test_datura-alone/output/db/run004118-prealign-db.slcio"
Directory: /home/spanns/ilcsoft/v01-16-02/Eutelescope/HEAD/build
"TestJobsubExampleDaturaAloneHitmakerPrealign" start time: Feb 11 11:51 CET
Output:
----------------------------------------------------------

-----------------------------------------------------------

found 6 alignment element(s) in 1 event(s)
avg number of alignment elements per event: 6

-----------------------------------
debug infos:
-----------------------------------
collectionName: alignment
pedantic: 0
average: 0
startevent: 0
maxevents: 0
minelements: 6
maxelements: 6
expelements: 6
abselementerror: 0
relelementerror: 0
abseventerror: 0
releventerror: 0
elementsTotal: 6
eventsTotal: 1
eventsFailed: 0
eventsSkipped: 0
-----------------------------------


-----------------------------------------------------------
<end of output>
Test time =   0.45 sec
----------------------------------------------------------
Test Passed.
"TestJobsubExampleDaturaAloneHitmakerPrealign" end time: Feb 11 11:51 CET
"TestJobsubExampleDaturaAloneHitmakerPrealign" time elapsed: 00:00:00
----------------------------------------------------------

18/85 Testing: TestJobsubExampleDaturaAloneHitmakerOutput
18/85 Test: TestJobsubExampleDaturaAloneHitmakerOutput
Command: "/bin/sh" "-c" "[ -f /home/spanns/ilcsoft/v01-16-02/Eutelescope/HEAD/build/Testing/test_datura-alone/output/results/run004118-hit.slcio ] && lcio_check_col_elements -a --expelements 35 hit /home/spanns/ilcsoft/v01-16-02/Eutelescope/HEAD/build/Testing/test_datura-alone/output/results/run004118-hit.slcio"
Directory: /home/spanns/ilcsoft/v01-16-02/Eutelescope/HEAD/build
"TestJobsubExampleDaturaAloneHitmakerOutput" start time: Feb 11 11:51 CET
Output:
----------------------------------------------------------

-----------------------------------------------------------

found 3494078 hit element(s) in 100000 event(s)
avg number of hit elements per event: 34.9439
9 event(s) contained no elements from hit
94523 events have failed matching the expected number of elements

-----------------------------------
debug infos:
-----------------------------------
collectionName: hit
pedantic: 0
average: 1
startevent: 0
maxevents: 0
minelements: 34
maxelements: 36
expelements: 35
abselementerror: 0
relelementerror: 0
abseventerror: 0
releventerror: 0
elementsTotal: 3494078
eventsTotal: 100000
eventsFailed: 94523
eventsSkipped: 9
-----------------------------------


-----------------------------------------------------------
<end of output>
Test time =   8.43 sec
----------------------------------------------------------
Test Passed.
"TestJobsubExampleDaturaAloneHitmakerOutput" end time: Feb 11 11:52 CET
"TestJobsubExampleDaturaAloneHitmakerOutput" time elapsed: 00:00:08
----------------------------------------------------------

19/85 Testing: TestJobsubExampleDaturaAloneAlignRun
19/85 Test: TestJobsubExampleDaturaAloneAlignRun
Command: "/bin/sh" "-c" "cd /home/spanns/ilcsoft/v01-16-02/Eutelescope/HEAD/build/Testing/test_datura-alone && python /home/spanns/ilcsoft/v01-16-02/Eutelescope/HEAD/jobsub/jobsub.py --config=/home/spanns/ilcsoft/v01-16-02/Eutelescope/HEAD/jobsub/examples/datura-alone/config.cfg -csv /home/spanns/ilcsoft/v01-16-02/Eutelescope/HEAD/jobsub/examples/datura-alone/table_orgmode.csv align 4118"
Directory: /home/spanns/ilcsoft/v01-16-02/Eutelescope/HEAD/build
"TestJobsubExampleDaturaAloneAlignRun" start time: Feb 11 11:52 CET
Output:
----------------------------------------------------------
11:52:07 jobsub(INFO): Loaded config file /home/spanns/ilcsoft/v01-16-02/Eutelescope/HEAD/jobsub/examples/datura-alone/config.cfg
11:52:07 jobsub(WARNING):  Parameter 'basepath' was not found in template file align-tmp.xml
11:52:07 jobsub(WARNING):  Parameter 'histoinfopath' was not found in template file align-tmp.xml
11:52:07 jobsub(WARNING):  Parameter 'localfolderoutputbase' was not found in template file align-tmp.xml
11:52:07 jobsub(WARNING):  Parameter 'lciorawfolder' was not found in template file align-tmp.xml
11:52:07 jobsub(WARNING):  Parameter 'nativefolder' was not found in template file align-tmp.xml
11:52:07 jobsub(WARNING):  Parameter 'hotpixelrunnumber' was not found in template file align-tmp.xml
11:52:07 jobsub(WARNING):  Parameter 'records' was not found in template file align-tmp.xml
11:52:07 jobsub(WARNING):  Parameter 'histoinfo' was not found in template file align-tmp.xml
11:52:07 jobsub(WARNING):  Parameter 'pedesteeringfile' was not found in template file align-tmp.xml
11:52:07 jobsub(WARNING): Column without header label encountered in csv file '/home/spanns/ilcsoft/v01-16-02/Eutelescope/HEAD/jobsub/examples/datura-alone/table_orgmode.csv'!
11:52:07 jobsub(INFO): Successfully loaded csv file'/home/spanns/ilcsoft/v01-16-02/Eutelescope/HEAD/jobsub/examples/datura-alone/table_orgmode.csv'.
11:52:07 jobsub(INFO): Will now start processing the following runs: 4118
11:52:07 jobsub(INFO): Generating steering file for run number 004118
11:52:07 jobsub(WARNING):  Parameter 'beamenergy' from the csv file was not found in the template file (already overwritten by config file parameters?)
11:52:07 jobsub.marlin(INFO): Now running Marlin: Marlin align-004118.xml
11:52:08 jobsub.marlin(INFO): <!-- Loading shared library : /home/spanns/ilcsoft/v01-16-02/Eutelescope/HEAD/lib/libEutelescope.so.0.7.0 (libEutelescope.so)-->
11:52:08 jobsub.marlin(INFO): 
11:52:08 jobsub.marlin(ERROR): ***********************************************
11:52:08 jobsub.marlin(ERROR): A runtime error occured - (uncaught exception):
11:52:08 jobsub.marlin(ERROR): To execute this functionality Align requires ROOT
11:52:08 jobsub.marlin(ERROR): Marlin will have to be terminated, sorry.
11:52:08 jobsub.marlin(ERROR): ***********************************************
11:52:08 jobsub.marlin(ERROR): 
11:52:08 jobsub.marlin(INFO): [ DEBUG1 "Marlin"]  ---- instantiated  GEAR from file  /home/spanns/ilcsoft/v01-16-02/Eutelescope/HEAD/jobsub/examples/datura-alone/gear_desy2012_06f_tb21.xml
11:52:08 jobsub.marlin(INFO): [ DEBUG1 "Marlin"]  -----------------------------------------------------
11:52:08 jobsub.marlin(INFO): [ DEBUG1 "Marlin"]               GearMgr :
11:52:08 jobsub.marlin(INFO): [ DEBUG1 "Marlin"]  -----------------------------------------------------
11:52:08 jobsub.marlin(INFO): [ DEBUG1 "Marlin"]    ----  DetectorName   ----
11:52:08 jobsub.marlin(INFO): [ DEBUG1 "Marlin"]
11:52:08 jobsub.marlin(INFO): [ DEBUG1 "Marlin"]          EUTelescope
11:52:08 jobsub.marlin(INFO): [ DEBUG1 "Marlin"]
11:52:08 jobsub.marlin(INFO): [ DEBUG1 "Marlin"]
11:52:08 jobsub.marlin(INFO): [ DEBUG1 "Marlin"]    -----------   BField   -------
11:52:08 jobsub.marlin(INFO): [ DEBUG1 "Marlin"]
11:52:08 jobsub.marlin(INFO): [ DEBUG1 "Marlin"]        field vector at origin :   Bx = 0 , By = 0 , Bz = 0 [Tesla]
11:52:08 jobsub.marlin(INFO): [ DEBUG1 "Marlin"]
11:52:08 jobsub.marlin(INFO): [ DEBUG1 "Marlin"]
11:52:08 jobsub.marlin(INFO): [ DEBUG1 "Marlin"]    -----------   SiPlanesParameters  -------
11:52:08 jobsub.marlin(INFO): [ DEBUG1 "Marlin"]
11:52:08 jobsub.marlin(INFO): [ DEBUG1 "Marlin"]  Setup ID : 7
11:52:08 jobsub.marlin(INFO): [ DEBUG1 "Marlin"]  Telescope type :  TelescopeWithoutDUT
11:52:08 jobsub.marlin(INFO): [ DEBUG1 "Marlin"]  Number of telescope planes : 6
11:52:08 jobsub.marlin(INFO): [ DEBUG1 "Marlin"]  Number of layers : 6
11:52:08 jobsub.marlin(INFO): [ DEBUG1 "Marlin"]
11:52:08 jobsub(ERROR): Marlin returned with error code 1
11:52:08 jobsub(INFO): Logs written to ./output/logs/align-004118.zip
<end of output>
Test time =   1.58 sec
----------------------------------------------------------
Test Fail Reason:
Error regular expression found in output. Regex=[ERROR]
"TestJobsubExampleDaturaAloneAlignRun" end time: Feb 11 11:52 CET
"TestJobsubExampleDaturaAloneAlignRun" time elapsed: 00:00:01
----------------------------------------------------------

20/85 Testing: TestJobsubExampleDaturaAloneAlignLog
20/85 Test: TestJobsubExampleDaturaAloneAlignLog
Command: "/bin/sh" "-c" "[ -f /home/spanns/ilcsoft/v01-16-02/Eutelescope/HEAD/build/Testing/test_datura-alone/output/logs/align-004118.zip ]"
Directory: /home/spanns/ilcsoft/v01-16-02/Eutelescope/HEAD/build
"TestJobsubExampleDaturaAloneAlignLog" start time: Feb 11 11:52 CET
Output:
----------------------------------------------------------
<end of output>
Test time =   0.00 sec
----------------------------------------------------------
Test Passed.
"TestJobsubExampleDaturaAloneAlignLog" end time: Feb 11 11:52 CET
"TestJobsubExampleDaturaAloneAlignLog" time elapsed: 00:00:00
----------------------------------------------------------

21/85 Testing: TestJobsubExampleDaturaAloneAlignHisto
21/85 Test: TestJobsubExampleDaturaAloneAlignHisto
Command: "/bin/sh" "-c" "[ -f /home/spanns/ilcsoft/v01-16-02/Eutelescope/HEAD/build/Testing/test_datura-alone/output/histo/run004118-align-histo.root ]"
Directory: /home/spanns/ilcsoft/v01-16-02/Eutelescope/HEAD/build
"TestJobsubExampleDaturaAloneAlignHisto" start time: Feb 11 11:52 CET
Output:
----------------------------------------------------------
<end of output>
Test time =   0.00 sec
----------------------------------------------------------
Test Passed.
"TestJobsubExampleDaturaAloneAlignHisto" end time: Feb 11 11:52 CET
"TestJobsubExampleDaturaAloneAlignHisto" time elapsed: 00:00:00
----------------------------------------------------------

22/85 Testing: TestJobsubExampleDaturaAloneAlignDB
22/85 Test: TestJobsubExampleDaturaAloneAlignDB
Command: "/bin/sh" "-c" "[ -f /home/spanns/ilcsoft/v01-16-02/Eutelescope/HEAD/build/Testing/test_datura-alone/output/db/run004118-align-db.slcio ] && lcio_check_col_elements --expelements 6  alignment  /home/spanns/ilcsoft/v01-16-02/Eutelescope/HEAD/build/Testing/test_datura-alone/output/db/run004118-prealign-db.slcio"
Directory: /home/spanns/ilcsoft/v01-16-02/Eutelescope/HEAD/build
"TestJobsubExampleDaturaAloneAlignDB" start time: Feb 11 11:52 CET
Output:
----------------------------------------------------------
<end of output>
Test time =   0.00 sec
----------------------------------------------------------
Test Failed.
"TestJobsubExampleDaturaAloneAlignDB" end time: Feb 11 11:52 CET
"TestJobsubExampleDaturaAloneAlignDB" time elapsed: 00:00:00
----------------------------------------------------------

23/85 Testing: TestJobsubExampleDaturaAloneAlignOutput
23/85 Test: TestJobsubExampleDaturaAloneAlignOutput
Command: "/bin/sh" "-c" "[ -f /home/spanns/ilcsoft/v01-16-02/Eutelescope/HEAD/build/Testing/test_datura-alone/output/results/run004118-align-mille.bin -a -f /home/spanns/ilcsoft/v01-16-02/Eutelescope/HEAD/build/Testing/test_datura-alone/output/results/run004118-pede-steer.txt ] "
Directory: /home/spanns/ilcsoft/v01-16-02/Eutelescope/HEAD/build
"TestJobsubExampleDaturaAloneAlignOutput" start time: Feb 11 11:52 CET
Output:
----------------------------------------------------------
<end of output>
Test time =   0.00 sec
----------------------------------------------------------
Test Failed.
"TestJobsubExampleDaturaAloneAlignOutput" end time: Feb 11 11:52 CET
"TestJobsubExampleDaturaAloneAlignOutput" time elapsed: 00:00:00
----------------------------------------------------------

End testing: Feb 11 11:52 CET
